{"/Users/ramajjohnson/TTE/contexts/VernacularContext.tsx":{"path":"/Users/ramajjohnson/TTE/contexts/VernacularContext.tsx","statementMap":{"0":{"start":{"line":2,"column":9},"end":{"line":2,"column":23}},"1":{"start":{"line":2,"column":31},"end":{"line":2,"column":45}},"2":{"start":{"line":2,"column":53},"end":{"line":2,"column":67}},"3":{"start":{"line":4,"column":15},"end":{"line":199,"column":1}},"4":{"start":{"line":200,"column":19},"end":{"line":395,"column":1}},"5":{"start":{"line":396,"column":14},"end":{"line":591,"column":1}},"6":{"start":{"line":592,"column":21},"end":{"line":596,"column":1}},"7":{"start":{"line":597,"column":26},"end":{"line":602,"column":2}},"8":{"start":{"line":603,"column":34},"end":{"line":630,"column":1}},"9":{"start":{"line":604,"column":2},"end":{"line":604,"column":7}},"10":{"start":{"line":605,"column":31},"end":{"line":612,"column":4}},"11":{"start":{"line":606,"column":4},"end":{"line":610,"column":5}},"12":{"start":{"line":607,"column":20},"end":{"line":607,"column":63}},"13":{"start":{"line":608,"column":6},"end":{"line":608,"column":90}},"14":{"start":{"line":608,"column":77},"end":{"line":608,"column":90}},"15":{"start":{"line":611,"column":4},"end":{"line":611,"column":20}},"16":{"start":{"line":613,"column":18},"end":{"line":619,"column":3}},"17":{"start":{"line":614,"column":4},"end":{"line":614,"column":20}},"18":{"start":{"line":615,"column":4},"end":{"line":618,"column":5}},"19":{"start":{"line":616,"column":6},"end":{"line":616,"column":53}},"20":{"start":{"line":620,"column":23},"end":{"line":624,"column":13}},"21":{"start":{"line":620,"column":44},"end":{"line":624,"column":3}},"22":{"start":{"line":625,"column":2},"end":{"line":629,"column":11}},"23":{"start":{"line":631,"column":0},"end":{"line":631,"column":55}},"24":{"start":{"line":632,"column":0},"end":{"line":632,"column":24}},"25":{"start":{"line":633,"column":29},"end":{"line":636,"column":1}},"26":{"start":{"line":634,"column":2},"end":{"line":634,"column":8}},"27":{"start":{"line":635,"column":2},"end":{"line":635,"column":39}},"28":{"start":{"line":637,"column":0},"end":{"line":637,"column":51}},"29":{"start":{"line":638,"column":32},"end":{"line":672,"column":1}},"30":{"start":{"line":639,"column":2},"end":{"line":639,"column":8}},"31":{"start":{"line":640,"column":28},"end":{"line":640,"column":43}},"32":{"start":{"line":641,"column":16},"end":{"line":645,"column":3}},"33":{"start":{"line":646,"column":2},"end":{"line":671,"column":11}},"34":{"start":{"line":647,"column":27},"end":{"line":666,"column":5}},"35":{"start":{"line":650,"column":23},"end":{"line":650,"column":37}},"36":{"start":{"line":673,"column":0},"end":{"line":675,"column":3}},"37":{"start":{"line":674,"column":2},"end":{"line":674,"column":25}},"38":{"start":{"line":676,"column":0},"end":{"line":676,"column":23}},"39":{"start":{"line":678,"column":0},"end":{"line":678,"column":39}},"40":{"start":{"line":679,"column":0},"end":{"line":679,"column":38}},"41":{"start":{"line":681,"column":20},"end":{"line":681,"column":97}},"42":{"start":{"line":682,"column":0},"end":{"line":696,"column":1}},"43":{"start":{"line":683,"column":2},"end":{"line":687,"column":3}},"44":{"start":{"line":684,"column":4},"end":{"line":686,"column":6}},"45":{"start":{"line":688,"column":2},"end":{"line":695,"column":5}},"46":{"start":{"line":689,"column":4},"end":{"line":689,"column":124}},"47":{"start":{"line":690,"column":4},"end":{"line":694,"column":7}},"48":{"start":{"line":691,"column":6},"end":{"line":691,"column":31}},"49":{"start":{"line":691,"column":24},"end":{"line":691,"column":31}},"50":{"start":{"line":692,"column":32},"end":{"line":692,"column":173}},"51":{"start":{"line":693,"column":6},"end":{"line":693,"column":75}},"52":{"start":{"line":693,"column":29},"end":{"line":693,"column":75}},"53":{"start":{"line":698,"column":2},"end":{"line":698,"column":103}},"54":{"start":{"line":701,"column":2},"end":{"line":701,"column":62}}},"fnMap":{"0":{"name":"(anonymous_0)","decl":{"start":{"line":599,"column":11},"end":{"line":599,"column":12}},"loc":{"start":{"line":599,"column":17},"end":{"line":600,"column":3}},"line":599},"1":{"name":"(anonymous_1)","decl":{"start":{"line":603,"column":34},"end":{"line":603,"column":35}},"loc":{"start":{"line":603,"column":52},"end":{"line":630,"column":1}},"line":603},"2":{"name":"(anonymous_2)","decl":{"start":{"line":605,"column":40},"end":{"line":605,"column":41}},"loc":{"start":{"line":605,"column":46},"end":{"line":612,"column":3}},"line":605},"3":{"name":"(anonymous_3)","decl":{"start":{"line":613,"column":18},"end":{"line":613,"column":19}},"loc":{"start":{"line":613,"column":25},"end":{"line":619,"column":3}},"line":613},"4":{"name":"(anonymous_4)","decl":{"start":{"line":620,"column":37},"end":{"line":620,"column":38}},"loc":{"start":{"line":620,"column":44},"end":{"line":624,"column":3}},"line":620},"5":{"name":"(anonymous_5)","decl":{"start":{"line":633,"column":29},"end":{"line":633,"column":30}},"loc":{"start":{"line":633,"column":35},"end":{"line":636,"column":1}},"line":633},"6":{"name":"(anonymous_6)","decl":{"start":{"line":638,"column":32},"end":{"line":638,"column":33}},"loc":{"start":{"line":638,"column":38},"end":{"line":672,"column":1}},"line":638},"7":{"name":"(anonymous_7)","decl":{"start":{"line":647,"column":4},"end":{"line":647,"column":5}},"loc":{"start":{"line":647,"column":27},"end":{"line":666,"column":5}},"line":647},"8":{"name":"(anonymous_8)","decl":{"start":{"line":650,"column":17},"end":{"line":650,"column":18}},"loc":{"start":{"line":650,"column":23},"end":{"line":650,"column":37}},"line":650},"9":{"name":"(anonymous_9)","decl":{"start":{"line":673,"column":61},"end":{"line":673,"column":62}},"loc":{"start":{"line":673,"column":72},"end":{"line":675,"column":1}},"line":673},"10":{"name":"(anonymous_10)","decl":{"start":{"line":688,"column":52},"end":{"line":688,"column":53}},"loc":{"start":{"line":688,"column":72},"end":{"line":695,"column":3}},"line":688},"11":{"name":"(anonymous_11)","decl":{"start":{"line":690,"column":27},"end":{"line":690,"column":28}},"loc":{"start":{"line":690,"column":44},"end":{"line":694,"column":5}},"line":690},"12":{"name":"$RefreshReg$","decl":{"start":{"line":697,"column":9},"end":{"line":697,"column":21}},"loc":{"start":{"line":697,"column":32},"end":{"line":699,"column":1}},"line":697},"13":{"name":"$RefreshSig$","decl":{"start":{"line":700,"column":9},"end":{"line":700,"column":21}},"loc":{"start":{"line":700,"column":24},"end":{"line":702,"column":1}},"line":700}},"branchMap":{"0":{"loc":{"start":{"line":608,"column":6},"end":{"line":608,"column":90}},"type":"if","locations":[{"start":{"line":608,"column":6},"end":{"line":608,"column":90}},{"start":{},"end":{}}],"line":608},"1":{"loc":{"start":{"line":608,"column":10},"end":{"line":608,"column":75}},"type":"binary-expr","locations":[{"start":{"line":608,"column":10},"end":{"line":608,"column":28}},{"start":{"line":608,"column":32},"end":{"line":608,"column":54}},{"start":{"line":608,"column":58},"end":{"line":608,"column":75}}],"line":608},"2":{"loc":{"start":{"line":651,"column":56},"end":{"line":651,"column":185}},"type":"cond-expr","locations":[{"start":{"line":651,"column":73},"end":{"line":651,"column":109}},{"start":{"line":651,"column":112},"end":{"line":651,"column":185}}],"line":651},"3":{"loc":{"start":{"line":681,"column":20},"end":{"line":681,"column":97}},"type":"binary-expr","locations":[{"start":{"line":681,"column":20},"end":{"line":681,"column":60}},{"start":{"line":681,"column":64},"end":{"line":681,"column":97}}],"line":681},"4":{"loc":{"start":{"line":682,"column":0},"end":{"line":696,"column":1}},"type":"if","locations":[{"start":{"line":682,"column":0},"end":{"line":696,"column":1}},{"start":{},"end":{}}],"line":682},"5":{"loc":{"start":{"line":682,"column":4},"end":{"line":682,"column":35}},"type":"binary-expr","locations":[{"start":{"line":682,"column":4},"end":{"line":682,"column":19}},{"start":{"line":682,"column":23},"end":{"line":682,"column":35}}],"line":682},"6":{"loc":{"start":{"line":683,"column":2},"end":{"line":687,"column":3}},"type":"if","locations":[{"start":{"line":683,"column":2},"end":{"line":687,"column":3}},{"start":{},"end":{}}],"line":683},"7":{"loc":{"start":{"line":691,"column":6},"end":{"line":691,"column":31}},"type":"if","locations":[{"start":{"line":691,"column":6},"end":{"line":691,"column":31}},{"start":{},"end":{}}],"line":691},"8":{"loc":{"start":{"line":693,"column":6},"end":{"line":693,"column":75}},"type":"if","locations":[{"start":{"line":693,"column":6},"end":{"line":693,"column":75}},{"start":{},"end":{}}],"line":693}},"s":{"0":1,"1":1,"2":1,"3":1,"4":1,"5":1,"6":1,"7":1,"8":1,"9":2,"10":2,"11":2,"12":2,"13":2,"14":0,"15":2,"16":2,"17":0,"18":0,"19":0,"20":2,"21":2,"22":2,"23":1,"24":1,"25":1,"26":136,"27":136,"28":1,"29":1,"30":8,"31":8,"32":8,"33":8,"34":24,"35":0,"36":1,"37":1,"38":1,"39":1,"40":1,"41":1,"42":1,"43":1,"44":0,"45":1,"46":1,"47":1,"48":0,"49":0,"50":0,"51":0,"52":0,"53":2,"54":3},"f":{"0":0,"1":2,"2":2,"3":0,"4":2,"5":136,"6":8,"7":24,"8":0,"9":1,"10":1,"11":0,"12":2,"13":3},"b":{"0":[0,2],"1":[2,2,2],"2":[8,16],"3":[1,0],"4":[1,0],"5":[1,1],"6":[0,1],"7":[0,0],"8":[0,0]},"inputSourceMap":{"version":3,"mappings":"AAg7BQ;;AAh7BR,OAAOA,SAASC,eAAeC,YAAYC,gBAA2B;AAkPtE,MAAMC,SAA+B;AAAA,EACjCC,cAAc;AAAA,EACdC,eAAe;AAAA,EACfC,YAAY;AAAA,EACZC,iBAAiB;AAAA,EACjBC,oBAAoB;AAAA,EACpBC,mBAAmB;AAAA,EACnBC,eAAe;AAAA,EACfC,kBAAkB;AAAA,EAElBC,kBAAkB;AAAA,EAClBC,mBAAmB;AAAA,EACnBC,gBAAgB;AAAA,EAChBC,iBAAiB;AAAA,EAEjBC,gBAAgB;AAAA,EAChBC,oBAAoB;AAAA,EACpBC,gBAAgB;AAAA,EAChBC,kBAAkB;AAAA,EAElBC,mBAAmB;AAAA,EACnBC,uBAAuB;AAAA,EACvBC,mBAAmB;AAAA,EACnBC,qBAAqB;AAAA,EAErBC,eAAe;AAAA,EACfC,aAAa;AAAA,EACbC,eAAe;AAAA,EACfC,aAAa;AAAA,EACbC,iBAAiB;AAAA,EACjBC,iBAAiB;AAAA,EACjBC,aAAa;AAAA,EACbC,YAAY;AAAA,EACZC,gBAAgB;AAAA,EAChBC,gBAAgB;AAAA,EAEhBC,cAAc;AAAA,EACdC,aAAa;AAAA,EACbC,aAAa;AAAA,EACbC,kBAAkB;AAAA,EAElBC,aAAa;AAAA,EACbC,aAAa;AAAA,EACbC,aAAa;AAAA,EACbC,cAAc;AAAA;AAAA,EAGdC,cAAc;AAAA,EACdC,gBAAgB;AAAA,EAChBC,aAAa;AAAA,EACbC,qBAAqB;AAAA,EACrBC,gBAAgB;AAAA,EAChBC,cAAc;AAAA,EACdC,WAAW;AAAA;AAAA,EAGXC,mBAAmB;AAAA,EACnBC,sBAAsB;AAAA,EACtBC,YAAY;AAAA,EACZC,gBAAgB;AAAA,EAChBC,YAAY;AAAA,EACZC,YAAY;AAAA,EACZC,kBAAkB;AAAA,EAClBC,sBAAsB;AAAA,EACtBC,kBAAkB;AAAA,EAClBC,oBAAoB;AAAA,EACpBC,oBAAoB;AAAA;AAAA,EAGpBC,iBAAiB;AAAA,EACjBC,oBAAoB;AAAA,EACpBC,sBAAsB;AAAA,EACtBC,oBAAoB;AAAA,EACpBC,oBAAoB;AAAA,EACpBC,2BAA2B;AAAA,EAC3BC,wBAAwB;AAAA,EACxBC,oBAAoB;AAAA,EACpBC,4BAA4B;AAAA,EAC5BC,mBAAmB;AAAA,EACnBC,gBAAgB;AAAA;AAAA,EAGhBC,yBAAyB;AAAA,EACzBC,wBAAwB;AAAA,EACxBC,mBAAmB;AAAA,EACnBC,mBAAmB;AAAA,EACnBC,eAAe;AAAA,EACfC,iBAAiB;AAAA,EACjBC,YAAY;AAAA,EACZC,aAAa;AAAA,EACbC,gBAAgB;AAAA,EAChBC,cAAc;AAAA,EACdC,iBAAiB;AAAA,EACjBC,WAAW;AAAA,EACXC,aAAa;AAAA,EACbC,kBAAkB;AAAA;AAAA,EAGlBC,eAAe;AAAA,EACfC,kBAAkB;AAAA,EAClBC,oBAAoB;AAAA,EACpBC,iBAAiB;AAAA,EACjBC,eAAe;AAAA,EACfC,uBAAuB;AAAA,EACvBC,gBAAgB;AAAA;AAAA,EAGhBC,iBAAiB;AAAA,EACjBC,sBAAsB;AAAA,EACtBC,oBAAoB;AAAA,EACpBC,sBAAsB;AAAA,EACtBC,uBAAuB;AAAA,EACvBC,mBAAmB;AAAA,EACnBC,oBAAoB;AAAA,EACpBC,mBAAmB;AAAA,EACnBC,oBAAoB;AAAA,EACpBC,eAAe;AAAA,EACfC,sBAAsB;AAAA;AAAA,EAGtBC,YAAY;AAAA,EACZC,eAAe;AAAA,EACfC,aAAa;AAAA;AAAA,EAGbC,cAAc;AAAA,EACdC,iBAAiB;AAAA,EACjBC,kBAAkB;AAAA,EAClBC,oBAAoB;AAAA,EACpBC,uBAAuB;AAAA,EACvBC,oBAAoB;AAAA,EACpBC,YAAY;AAAA,EACZC,uBAAuB;AAAA,EACvBC,eAAe;AAAA;AAAA,EAGfC,YAAY;AAAA,EACZC,eAAe;AAAA,EACfC,mBAAmB;AAAA,EACnBC,kBAAkB;AAAA,EAClBC,aAAa;AAAA,EACbC,aAAa;AAAA,EACbC,qBAAqB;AAAA,EACrBC,eAAe;AAAA;AAAA,EAGfC,UAAU;AAAA,EACVC,aAAa;AAAA,EACbC,WAAW;AAAA,EACXC,YAAY;AAAA;AAAA,EAGZC,sBAAsB;AAAA,EACtBC,qBAAqB;AAAA,EACrBC,yBAAyB;AAAA,EACzBC,uBAAuB;AAAA,EACvBC,sBAAsB;AAAA,EACtBC,0BAA0B;AAAA,EAC1BC,wBAAwB;AAAA,EACxBC,uBAAuB;AAAA,EACvBC,2BAA2B;AAAA,EAC3BC,yBAAyB;AAAA,EACzBC,wBAAwB;AAAA,EACxBC,4BAA4B;AAAA;AAAA,EAG5BC,kBAAkB;AAAA,EAClBC,kBAAkB;AAAA,EAClBC,kBAAkB;AAAA,EAClBC,gBAAgB;AAAA,EAChBC,mBAAmB;AAAA,EACnBC,mBAAmB;AAAA,EACnBC,cAAc;AAAA,EACdC,kBAAkB;AAAA;AAAA,EAGlBC,mBAAmB;AAAA,EACnBC,cAAc;AAAA;AAAA,EAGdC,iBAAiB;AAAA,EACjBC,WAAW;AAAA,EACXC,aAAa;AAAA;AAAA,EAGbC,iBAAiB;AAAA,EACjBC,qBAAqB;AAAA,EACrBC,sBAAsB;AAAA,EACtBC,mBAAmB;AAAA,EACnBC,sBAAsB;AAAA,EACtBC,uBAAuB;AAAA,EACvBC,qBAAqB;AAAA,EACrBC,gBAAgB;AAAA;AAAA,EAGhBC,kBAAkB;AAAA,EAClBC,qBAAqB;AAAA,EACrBC,wBAAwB;AAAA,EACxBC,sBAAsB;AAAA,EACtBC,0BAA0B;AAAA,EAC1BC,iBAAiB;AAAA;AAAA,EAGjBC,6BAA6B;AAAA,EAC7BC,oCAAoC;AAAA,EACpCC,8BAA8B;AAAA,EAC9BC,6BAA6B;AAAA,EAC7BC,6BAA6B;AAAA,EAC7BC,0BAA0B;AAAA,EAC1BC,qBAAqB;AAAA,EACrBC,6BAA6B;AAAA,EAC7BC,yBAAyB;AAAA,EACzBC,2BAA2B;AAAA,EAC3BC,4BAA4B;AAAA,EAC5BC,0BAA0B;AAAA,EAC1BC,0BAA0B;AAAA;AAAA,EAG1BC,uBAAuB;AAC3B;AAEA,MAAMC,aAAmC;AAAA,EACrChL,cAAc;AAAA,EACdC,eAAe;AAAA,EACfC,YAAY;AAAA,EACZC,iBAAiB;AAAA,EACjBC,oBAAoB;AAAA,EACpBC,mBAAmB;AAAA,EACnBC,eAAe;AAAA,EACfC,kBAAkB;AAAA,EAElBC,kBAAkB;AAAA,EAClBC,mBAAmB;AAAA,EACnBC,gBAAgB;AAAA,EAChBC,iBAAiB;AAAA,EAEjBC,gBAAgB;AAAA,EAChBC,oBAAoB;AAAA,EACpBC,gBAAgB;AAAA,EAChBC,kBAAkB;AAAA,EAElBC,mBAAmB;AAAA,EACnBC,uBAAuB;AAAA,EACvBC,mBAAmB;AAAA,EACnBC,qBAAqB;AAAA,EAErBC,eAAe;AAAA,EACfC,aAAa;AAAA,EACbC,eAAe;AAAA,EACfC,aAAa;AAAA,EACbC,iBAAiB;AAAA,EACjBC,iBAAiB;AAAA,EACjBC,aAAa;AAAA,EACbC,YAAY;AAAA,EACZC,gBAAgB;AAAA,EAChBC,gBAAgB;AAAA,EAEhBC,cAAc;AAAA,EACdC,aAAa;AAAA,EACbC,aAAa;AAAA,EACbC,kBAAkB;AAAA,EAElBC,aAAa;AAAA,EACbC,aAAa;AAAA,EACbC,aAAa;AAAA,EACbC,cAAc;AAAA;AAAA,EAGdC,cAAc;AAAA,EACdC,gBAAgB;AAAA,EAChBC,aAAa;AAAA,EACbC,qBAAqB;AAAA,EACrBC,gBAAgB;AAAA,EAChBC,cAAc;AAAA,EACdC,WAAW;AAAA;AAAA,EAGXC,mBAAmB;AAAA,EACnBC,sBAAsB;AAAA,EACtBC,YAAY;AAAA,EACZC,gBAAgB;AAAA,EAChBC,YAAY;AAAA,EACZC,YAAY;AAAA,EACZC,kBAAkB;AAAA,EAClBC,sBAAsB;AAAA,EACtBC,kBAAkB;AAAA,EAClBC,oBAAoB;AAAA,EACpBC,oBAAoB;AAAA;AAAA,EAGpBC,iBAAiB;AAAA,EACjBC,oBAAoB;AAAA,EACpBC,sBAAsB;AAAA,EACtBC,oBAAoB;AAAA,EACpBC,oBAAoB;AAAA,EACpBC,2BAA2B;AAAA,EAC3BC,wBAAwB;AAAA,EACxBC,oBAAoB;AAAA,EACpBC,4BAA4B;AAAA,EAC5BC,mBAAmB;AAAA,EACnBC,gBAAgB;AAAA;AAAA,EAGhBC,yBAAyB;AAAA,EACzBC,wBAAwB;AAAA,EACxBC,mBAAmB;AAAA,EACnBC,mBAAmB;AAAA,EACnBC,eAAe;AAAA,EACfC,iBAAiB;AAAA,EACjBC,YAAY;AAAA,EACZC,aAAa;AAAA,EACbC,gBAAgB;AAAA,EAChBC,cAAc;AAAA,EACdC,iBAAiB;AAAA,EACjBC,WAAW;AAAA,EACXC,aAAa;AAAA,EACbC,kBAAkB;AAAA;AAAA,EAGlBC,eAAe;AAAA,EACfC,kBAAkB;AAAA,EAClBC,oBAAoB;AAAA,EACpBC,iBAAiB;AAAA,EACjBC,eAAe;AAAA,EACfC,uBAAuB;AAAA,EACvBC,gBAAgB;AAAA;AAAA,EAGhBC,iBAAiB;AAAA,EACjBC,sBAAsB;AAAA,EACtBC,oBAAoB;AAAA,EACpBC,sBAAsB;AAAA,EACtBC,uBAAuB;AAAA,EACvBC,mBAAmB;AAAA,EACnBC,oBAAoB;AAAA,EACpBC,mBAAmB;AAAA,EACnBC,oBAAoB;AAAA,EACpBC,eAAe;AAAA,EACfC,sBAAsB;AAAA;AAAA,EAGtBC,YAAY;AAAA,EACZC,eAAe;AAAA,EACfC,aAAa;AAAA;AAAA,EAGbC,cAAc;AAAA,EACdC,iBAAiB;AAAA,EACjBC,kBAAkB;AAAA,EAClBC,oBAAoB;AAAA,EACpBC,uBAAuB;AAAA,EACvBC,oBAAoB;AAAA,EACpBC,YAAY;AAAA,EACZC,uBAAuB;AAAA,EACvBC,eAAe;AAAA;AAAA,EAGfC,YAAY;AAAA,EACZC,eAAe;AAAA,EACfC,mBAAmB;AAAA,EACnBC,kBAAkB;AAAA,EAClBC,aAAa;AAAA,EACbC,aAAa;AAAA,EACbC,qBAAqB;AAAA,EACrBC,eAAe;AAAA;AAAA,EAGfC,UAAU;AAAA,EACVC,aAAa;AAAA,EACbC,WAAW;AAAA,EACXC,YAAY;AAAA;AAAA,EAGZC,sBAAsB;AAAA,EACtBC,qBAAqB;AAAA,EACrBC,yBAAyB;AAAA,EACzBC,uBAAuB;AAAA,EACvBC,sBAAsB;AAAA,EACtBC,0BAA0B;AAAA,EAC1BC,wBAAwB;AAAA,EACxBC,uBAAuB;AAAA,EACvBC,2BAA2B;AAAA,EAC3BC,yBAAyB;AAAA,EACzBC,wBAAwB;AAAA,EACxBC,4BAA4B;AAAA;AAAA,EAG5BC,kBAAkB;AAAA,EAClBC,kBAAkB;AAAA,EAClBC,kBAAkB;AAAA,EAClBC,gBAAgB;AAAA,EAChBC,mBAAmB;AAAA,EACnBC,mBAAmB;AAAA,EACnBC,cAAc;AAAA,EACdC,kBAAkB;AAAA;AAAA,EAGlBC,mBAAmB;AAAA,EACnBC,cAAc;AAAA;AAAA,EAGdC,iBAAiB;AAAA,EACjBC,WAAW;AAAA,EACXC,aAAa;AAAA;AAAA,EAGbC,iBAAiB;AAAA,EACjBC,qBAAqB;AAAA,EACrBC,sBAAsB;AAAA,EACtBC,mBAAmB;AAAA,EACnBC,sBAAsB;AAAA,EACtBC,uBAAuB;AAAA,EACvBC,qBAAqB;AAAA,EACrBC,gBAAgB;AAAA;AAAA,EAGhBC,kBAAkB;AAAA,EAClBC,qBAAqB;AAAA,EACrBC,wBAAwB;AAAA,EACxBC,sBAAsB;AAAA,EACtBC,0BAA0B;AAAA,EAC1BC,iBAAiB;AAAA;AAAA,EAGjBC,6BAA6B;AAAA,EAC7BC,oCAAoC;AAAA,EACpCC,8BAA8B;AAAA,EAC9BC,6BAA6B;AAAA,EAC7BC,6BAA6B;AAAA,EAC7BC,0BAA0B;AAAA,EAC1BC,qBAAqB;AAAA,EACrBC,6BAA6B;AAAA,EAC7BC,yBAAyB;AAAA,EACzBC,2BAA2B;AAAA,EAC3BC,4BAA4B;AAAA,EAC5BC,0BAA0B;AAAA,EAC1BC,0BAA0B;AAAA;AAAA,EAG1BC,uBAAuB;AAC3B;AAEA,MAAME,QAA8B;AAAA,EAChCjL,cAAc;AAAA,EACdC,eAAe;AAAA,EACfC,YAAY;AAAA,EACZC,iBAAiB;AAAA,EACjBC,oBAAoB;AAAA,EACpBC,mBAAmB;AAAA,EACnBC,eAAe;AAAA,EACfC,kBAAkB;AAAA,EAElBC,kBAAkB;AAAA,EAClBC,mBAAmB;AAAA,EACnBC,gBAAgB;AAAA,EAChBC,iBAAiB;AAAA,EAEjBC,gBAAgB;AAAA,EAChBC,oBAAoB;AAAA,EACpBC,gBAAgB;AAAA,EAChBC,kBAAkB;AAAA,EAElBC,mBAAmB;AAAA,EACnBC,uBAAuB;AAAA,EACvBC,mBAAmB;AAAA,EACnBC,qBAAqB;AAAA,EAErBC,eAAe;AAAA,EACfC,aAAa;AAAA,EACbC,eAAe;AAAA,EACfC,aAAa;AAAA,EACbC,iBAAiB;AAAA,EACjBC,iBAAiB;AAAA,EACjBC,aAAa;AAAA,EACbC,YAAY;AAAA,EACZC,gBAAgB;AAAA,EAChBC,gBAAgB;AAAA,EAEhBC,cAAc;AAAA,EACdC,aAAa;AAAA,EACbC,aAAa;AAAA,EACbC,kBAAkB;AAAA,EAElBC,aAAa;AAAA,EACbC,aAAa;AAAA,EACbC,aAAa;AAAA,EACbC,cAAc;AAAA;AAAA,EAGdC,cAAc;AAAA,EACdC,gBAAgB;AAAA,EAChBC,aAAa;AAAA,EACbC,qBAAqB;AAAA,EACrBC,gBAAgB;AAAA,EAChBC,cAAc;AAAA,EACdC,WAAW;AAAA;AAAA,EAGXC,mBAAmB;AAAA,EACnBC,sBAAsB;AAAA,EACtBC,YAAY;AAAA,EACZC,gBAAgB;AAAA,EAChBC,YAAY;AAAA,EACZC,YAAY;AAAA,EACZC,kBAAkB;AAAA,EAClBC,sBAAsB;AAAA,EACtBC,kBAAkB;AAAA,EAClBC,oBAAoB;AAAA,EACpBC,oBAAoB;AAAA;AAAA,EAGpBC,iBAAiB;AAAA,EACjBC,oBAAoB;AAAA,EACpBC,sBAAsB;AAAA,EACtBC,oBAAoB;AAAA,EACpBC,oBAAoB;AAAA,EACpBC,2BAA2B;AAAA,EAC3BC,wBAAwB;AAAA,EACxBC,oBAAoB;AAAA,EACpBC,4BAA4B;AAAA,EAC5BC,mBAAmB;AAAA,EACnBC,gBAAgB;AAAA;AAAA,EAGhBC,yBAAyB;AAAA,EACzBC,wBAAwB;AAAA,EACxBC,mBAAmB;AAAA,EACnBC,mBAAmB;AAAA,EACnBC,eAAe;AAAA,EACfC,iBAAiB;AAAA,EACjBC,YAAY;AAAA,EACZC,aAAa;AAAA,EACbC,gBAAgB;AAAA,EAChBC,cAAc;AAAA,EACdC,iBAAiB;AAAA,EACjBC,WAAW;AAAA,EACXC,aAAa;AAAA,EACbC,kBAAkB;AAAA;AAAA,EAGlBC,eAAe;AAAA,EACfC,kBAAkB;AAAA,EAClBC,oBAAoB;AAAA,EACpBC,iBAAiB;AAAA,EACjBC,eAAe;AAAA,EACfC,uBAAuB;AAAA,EACvBC,gBAAgB;AAAA;AAAA,EAGhBC,iBAAiB;AAAA,EACjBC,sBAAsB;AAAA,EACtBC,oBAAoB;AAAA,EACpBC,sBAAsB;AAAA,EACtBC,uBAAuB;AAAA,EACvBC,mBAAmB;AAAA,EACnBC,oBAAoB;AAAA,EACpBC,mBAAmB;AAAA,EACnBC,oBAAoB;AAAA,EACpBC,eAAe;AAAA,EACfC,sBAAsB;AAAA;AAAA,EAGtBC,YAAY;AAAA,EACZC,eAAe;AAAA,EACfC,aAAa;AAAA;AAAA,EAGbC,cAAc;AAAA,EACdC,iBAAiB;AAAA,EACjBC,kBAAkB;AAAA,EAClBC,oBAAoB;AAAA,EACpBC,uBAAuB;AAAA,EACvBC,oBAAoB;AAAA,EACpBC,YAAY;AAAA,EACZC,uBAAuB;AAAA,EACvBC,eAAe;AAAA;AAAA,EAGfC,YAAY;AAAA,EACZC,eAAe;AAAA,EACfC,mBAAmB;AAAA,EACnBC,kBAAkB;AAAA,EAClBC,aAAa;AAAA,EACbC,aAAa;AAAA,EACbC,qBAAqB;AAAA,EACrBC,eAAe;AAAA;AAAA,EAGfC,UAAU;AAAA,EACVC,aAAa;AAAA,EACbC,WAAW;AAAA,EACXC,YAAY;AAAA;AAAA,EAGZC,sBAAsB;AAAA,EACtBC,qBAAqB;AAAA,EACrBC,yBAAyB;AAAA,EACzBC,uBAAuB;AAAA,EACvBC,sBAAsB;AAAA,EACtBC,0BAA0B;AAAA,EAC1BC,wBAAwB;AAAA,EACxBC,uBAAuB;AAAA,EACvBC,2BAA2B;AAAA,EAC3BC,yBAAyB;AAAA,EACzBC,wBAAwB;AAAA,EACxBC,4BAA4B;AAAA;AAAA,EAG5BC,kBAAkB;AAAA,EAClBC,kBAAkB;AAAA,EAClBC,kBAAkB;AAAA,EAClBC,gBAAgB;AAAA,EAChBC,mBAAmB;AAAA,EACnBC,mBAAmB;AAAA,EACnBC,cAAc;AAAA,EACdC,kBAAkB;AAAA;AAAA,EAGlBC,mBAAmB;AAAA,EACnBC,cAAc;AAAA;AAAA,EAGdC,iBAAiB;AAAA,EACjBC,WAAW;AAAA,EACXC,aAAa;AAAA;AAAA,EAGbC,iBAAiB;AAAA,EACjBC,qBAAqB;AAAA,EACrBC,sBAAsB;AAAA,EACtBC,mBAAmB;AAAA,EACnBC,sBAAsB;AAAA,EACtBC,uBAAuB;AAAA,EACvBC,qBAAqB;AAAA,EACrBC,gBAAgB;AAAA;AAAA,EAGhBC,kBAAkB;AAAA,EAClBC,qBAAqB;AAAA,EACrBC,wBAAwB;AAAA,EACxBC,sBAAsB;AAAA,EACtBC,0BAA0B;AAAA,EAC1BC,iBAAiB;AAAA;AAAA,EAGjBC,6BAA6B;AAAA,EAC7BC,oCAAoC;AAAA,EACpCC,8BAA8B;AAAA,EAC9BC,6BAA6B;AAAA,EAC7BC,6BAA6B;AAAA,EAC7BC,0BAA0B;AAAA,EAC1BC,qBAAqB;AAAA,EACrBC,6BAA6B;AAAA,EAC7BC,yBAAyB;AAAA,EACzBC,2BAA2B;AAAA,EAC3BC,4BAA4B;AAAA,EAC5BC,0BAA0B;AAAA,EAC1BC,0BAA0B;AAAA;AAAA,EAG1BC,uBAAuB;AAC3B;AAEA,MAAMG,eAA6D;AAAA,EAC/DC,QAAQpL;AAAAA,EACRqL,YAAYJ;AAAAA,EACZK,OAAOJ;AACX;AAUA,MAAMK,oBAAoB1L,cAAqC;AAAA,EAC3D2L,MAAM;AAAA,EACNC,SAASA,MAAM;AAAA,EAAE;AAAA,EACjBC,GAAG1L;AACP,CAAC;AAEM,aAAM2L,qBAAwDA,CAAC,EAAEC,SAAS,MAAM;AAAAC,KAAA;AACnF,QAAM,CAACL,MAAMM,YAAY,IAAI/L,SAAyB,MAAM;AACxD,QAAI;AACA,YAAMgM,QAAQC,aAAaC,QAAQ,qBAAqB;AACxD,UAAIF,UAAU,YAAYA,UAAU,gBAAgBA,UAAU,QAAS,QAAOA;AAAAA,IAClF,QAAQ;AAAA,IAAE;AACV,WAAO;AAAA,EACX,CAAC;AAED,QAAMN,UAAUA,CAACS,MAAsB;AACnCJ,iBAAaI,CAAC;AACd,QAAI;AAAEF,mBAAaG,QAAQ,uBAAuBD,CAAC;AAAA,IAAG,QAAQ;AAAA,IAAE;AAAA,EACpE;AAEA,QAAME,eAAexM,MAAMyM,QAAQ,OAAO;AAAA,IACtCb;AAAAA,IAAMC;AAAAA,IAASC,GAAGP,aAAaK,IAAI;AAAA,EACvC,IAAI,CAACA,IAAI,CAAC;AAEV,SACI,uBAAC,kBAAkB,UAAlB,EAA2B,OAAOY,cAC9BR,YADL;AAAA;AAAA;AAAA;AAAA,SAEA;AAER;AAAEC,GAvBWF,oBAAqD;AAAAW,KAArDX;AAyBN,aAAMY,gBAAgBA,MAAA;AAAAC,MAAA;AAAA,SAAM1M,WAAWyL,iBAAiB;AAAC;AAEhEiB,IAFaD,eAAa;AAInB,aAAME,mBAA6BA,MAAM;AAAAC,MAAA;AAC5C,QAAM,EAAElB,MAAMC,QAAQ,IAAIc,cAAc;AAExC,QAAMI,QAAgE;AAAA,IAClE,EAAEC,KAAK,SAASC,MAAM,MAAMC,OAAO,UAAU;AAAA,IAC7C,EAAEF,KAAK,cAAcC,MAAM,KAAKC,OAAO,aAAa;AAAA,IACpD,EAAEF,KAAK,UAAUC,MAAM,KAAKC,OAAO,YAAY;AAAA,EAAC;AAGpD,SACI,uBAAC,SAAI,WAAU,6CACVH,gBAAMI;AAAAA,IAAI,CAAAb,MACP;AAAA,MAAC;AAAA;AAAA,QAEG,SAAS,MAAMT,QAAQS,EAAEU,GAAG;AAAA,QAC5B,WAAW,qCAAqCpB,SAASU,EAAEU,MACrD,uCACA,yEAAyE;AAAA,QAG9EV;AAAAA,YAAEW;AAAAA,UAAK;AAAA,UAAEX,EAAEY;AAAAA;AAAAA;AAAAA,MAPPZ,EAAEU;AAAAA,MADX;AAAA;AAAA;AAAA;AAAA;AAAA;AAAA;AAAA,IASA;AAAA,EACH,KAZL;AAAA;AAAA;AAAA;AAAA,SAaA;AAER;AAAEF,IAzBWD,kBAA0B;AAAA,UACTF,aAAa;AAAA;AAAAS,MAD9BP;AAA0B,IAAAH,IAAAU;AAAAC,aAAAX,IAAA;AAAAW,aAAAD,KAAA","names":["React","createContext","useContext","useState","MYTHIC","phase_armory","phase_scoring","phase_lock","phase_synthesis","phase_installation","phase_calibration","phase_archive","ritual_dashboard","quadrant_sandbox","quadrant_mischief","quadrant_craft","quadrant_ritual","score_unbidden","score_frictionless","score_evidence","score_extraction","sublabel_unbidden","sublabel_frictionless","sublabel_evidence","sublabel_extraction","tool_singular","tool_plural","starting_tool","locked_tool","theory_of_value","godfather_offer","fatal_wound","sacred_cow","molecular_bond","shadow_beliefs","action_forge","action_lock","action_scan","action_challenge","status_pass","status_fail","status_risk","status_asset","menu_archive","menu_calibrate","menu_logout","footer_archive_link","xp_calibration","xp_finalized","xp_burned","calibration_title","calibration_subtitle","label_name","label_industry","label_goal","label_tone","placeholder_name","placeholder_industry","placeholder_goal","calibration_submit","calibration_footer","synthesis_title","synthesis_subtitle","synthesis_scan_ready","synthesis_scan_cta","synthesis_scanning","synthesis_scanning_detail","synthesis_shadow_title","synthesis_complete","synthesis_build_cta_prefix","synthesis_forging","synthesis_back","dossier_badge_sovereign","dossier_badge_official","tov_summary_label","tov_promise_label","generate_plan","generating_plan","plan_title","listen_idle","listen_playing","download_pdf","export_calendar","save_plan","saving_plan","finalize_dossier","archive_title","archive_subtitle","archive_new_button","archive_loading","archive_empty","archive_subject_label","archive_footer","ritual_subtitle","ritual_active_weapon","ritual_offer_label","ritual_warning_title","ritual_warning_detail","ritual_log_button","ritual_entry_title","ritual_mood_label","ritual_notes_label","ritual_commit","ritual_history_title","auth_title","auth_subtitle","auth_footer","refine_title","refine_subtitle","refine_log_label","refine_log_waiting","refine_log_processing","refine_input_label","refine_cta","refine_cta_processing","refine_footer","pyre_title","pyre_subtitle","pyre_target_label","pyre_description","pyre_cancel","pyre_ignite","pyre_progress_label","pyre_complete","axis_top","axis_bottom","axis_left","axis_right","quadrant_craft_title","quadrant_craft_desc","quadrant_craft_examples","quadrant_ritual_title","quadrant_ritual_desc","quadrant_ritual_examples","quadrant_sandbox_title","quadrant_sandbox_desc","quadrant_sandbox_examples","quadrant_mischief_title","quadrant_mischief_desc","quadrant_mischief_examples","intro_headline_1","intro_headline_2","intro_headline_3","intro_subtitle","intro_input_label","intro_placeholder","intro_button","intro_mode_label","lock_phase_prefix","lock_confirm","unknown_subject","label_pts","phase_label","armory_subtitle","armory_view_spatial","armory_view_terminal","armory_list_title","armory_empty_spatial","armory_empty_terminal","armory_status_label","armory_proceed","scoring_subtitle","scoring_challenging","scoring_proof_unbidden","scoring_proof_result","scoring_risk_explanation","scoring_proceed","compression_sovereign_badge","compression_sovereign_synthesizing","compression_sovereign_button","compression_compress_button","compression_result_subtitle","compression_result_title","compression_proceed","compression_select_subtitle","compression_cap_warning","compression_cap_explainer","compression_analyzing_hint","compression_select_title","compression_merge_header","ritual_reaudit_button","INDUSTRIAL","PLAIN","DICTIONARIES","mythic","industrial","plain","VernacularContext","mode","setMode","v","VernacularProvider","children","_s","setModeState","saved","localStorage","getItem","m","setItem","contextValue","useMemo","_c","useVernacular","_s2","VernacularToggle","_s3","modes","key","icon","label","map","_c2","$RefreshReg$"],"ignoreList":[],"sources":["/Users/ramajjohnson/TTE/contexts/VernacularContext.tsx"],"file":"/Users/ramajjohnson/TTE/contexts/VernacularContext.tsx"},"_coverageSchema":"1a1c01bbd47fc00a2c39e90264f33305004495a9","hash":"a2ea55e262b5dfaa93cbfc7c57b559d3541667a1"},"/Users/ramajjohnson/TTE/types.ts":{"path":"/Users/ramajjohnson/TTE/types.ts","statementMap":{"0":{"start":{"line":1,"column":35},"end":{"line":13,"column":15}},"1":{"start":{"line":2,"column":2},"end":{"line":2,"column":28}},"2":{"start":{"line":3,"column":2},"end":{"line":3,"column":32}},"3":{"start":{"line":4,"column":2},"end":{"line":4,"column":40}},"4":{"start":{"line":5,"column":2},"end":{"line":5,"column":42}},"5":{"start":{"line":6,"column":2},"end":{"line":6,"column":50}},"6":{"start":{"line":7,"column":2},"end":{"line":7,"column":50}},"7":{"start":{"line":8,"column":2},"end":{"line":8,"column":36}},"8":{"start":{"line":9,"column":2},"end":{"line":9,"column":48}},"9":{"start":{"line":10,"column":2},"end":{"line":10,"column":42}},"10":{"start":{"line":11,"column":2},"end":{"line":11,"column":50}},"11":{"start":{"line":12,"column":2},"end":{"line":12,"column":16}},"12":{"start":{"line":14,"column":38},"end":{"line":20,"column":18}},"13":{"start":{"line":15,"column":2},"end":{"line":15,"column":35}},"14":{"start":{"line":16,"column":2},"end":{"line":16,"column":37}},"15":{"start":{"line":17,"column":2},"end":{"line":17,"column":31}},"16":{"start":{"line":18,"column":2},"end":{"line":18,"column":33}},"17":{"start":{"line":19,"column":2},"end":{"line":19,"column":19}},"18":{"start":{"line":21,"column":36},"end":{"line":28,"column":1}},"19":{"start":{"line":22,"column":27},"end":{"line":22,"column":78}},"20":{"start":{"line":23,"column":25},"end":{"line":23,"column":72}},"21":{"start":{"line":24,"column":34},"end":{"line":24,"column":163}},"22":{"start":{"line":25,"column":2},"end":{"line":25,"column":78}},"23":{"start":{"line":25,"column":69},"end":{"line":25,"column":78}},"24":{"start":{"line":26,"column":2},"end":{"line":26,"column":51}},"25":{"start":{"line":26,"column":42},"end":{"line":26,"column":51}},"26":{"start":{"line":27,"column":2},"end":{"line":27,"column":11}},"27":{"start":{"line":29,"column":35},"end":{"line":33,"column":1}},"28":{"start":{"line":34,"column":29},"end":{"line":45,"column":1}}},"fnMap":{"0":{"name":"(anonymous_0)","decl":{"start":{"line":1,"column":36},"end":{"line":1,"column":37}},"loc":{"start":{"line":1,"column":48},"end":{"line":13,"column":1}},"line":1},"1":{"name":"(anonymous_1)","decl":{"start":{"line":14,"column":39},"end":{"line":14,"column":40}},"loc":{"start":{"line":14,"column":54},"end":{"line":20,"column":1}},"line":14},"2":{"name":"(anonymous_2)","decl":{"start":{"line":21,"column":36},"end":{"line":21,"column":37}},"loc":{"start":{"line":21,"column":43},"end":{"line":28,"column":1}},"line":21}},"branchMap":{"0":{"loc":{"start":{"line":13,"column":3},"end":{"line":13,"column":14}},"type":"binary-expr","locations":[{"start":{"line":13,"column":3},"end":{"line":13,"column":8}},{"start":{"line":13,"column":12},"end":{"line":13,"column":14}}],"line":13},"1":{"loc":{"start":{"line":20,"column":3},"end":{"line":20,"column":17}},"type":"binary-expr","locations":[{"start":{"line":20,"column":3},"end":{"line":20,"column":11}},{"start":{"line":20,"column":15},"end":{"line":20,"column":17}}],"line":20},"2":{"loc":{"start":{"line":22,"column":27},"end":{"line":22,"column":78}},"type":"binary-expr","locations":[{"start":{"line":22,"column":27},"end":{"line":22,"column":46}},{"start":{"line":22,"column":50},"end":{"line":22,"column":78}}],"line":22},"3":{"loc":{"start":{"line":23,"column":25},"end":{"line":23,"column":72}},"type":"binary-expr","locations":[{"start":{"line":23,"column":25},"end":{"line":23,"column":42}},{"start":{"line":23,"column":46},"end":{"line":23,"column":72}}],"line":23},"4":{"loc":{"start":{"line":24,"column":34},"end":{"line":24,"column":163}},"type":"binary-expr","locations":[{"start":{"line":24,"column":34},"end":{"line":24,"column":64}},{"start":{"line":24,"column":68},"end":{"line":24,"column":99}},{"start":{"line":24,"column":103},"end":{"line":24,"column":131}},{"start":{"line":24,"column":135},"end":{"line":24,"column":163}}],"line":24},"5":{"loc":{"start":{"line":25,"column":2},"end":{"line":25,"column":78}},"type":"if","locations":[{"start":{"line":25,"column":2},"end":{"line":25,"column":78}},{"start":{},"end":{}}],"line":25},"6":{"loc":{"start":{"line":25,"column":6},"end":{"line":25,"column":67}},"type":"binary-expr","locations":[{"start":{"line":25,"column":6},"end":{"line":25,"column":22}},{"start":{"line":25,"column":26},"end":{"line":25,"column":40}},{"start":{"line":25,"column":44},"end":{"line":25,"column":67}}],"line":25},"7":{"loc":{"start":{"line":26,"column":2},"end":{"line":26,"column":51}},"type":"if","locations":[{"start":{"line":26,"column":2},"end":{"line":26,"column":51}},{"start":{},"end":{}}],"line":26},"8":{"loc":{"start":{"line":26,"column":6},"end":{"line":26,"column":40}},"type":"binary-expr","locations":[{"start":{"line":26,"column":6},"end":{"line":26,"column":22}},{"start":{"line":26,"column":26},"end":{"line":26,"column":40}}],"line":26}},"s":{"0":1,"1":1,"2":1,"3":1,"4":1,"5":1,"6":1,"7":1,"8":1,"9":1,"10":1,"11":1,"12":1,"13":1,"14":1,"15":1,"16":1,"17":1,"18":1,"19":0,"20":0,"21":0,"22":0,"23":0,"24":0,"25":0,"26":0,"27":1,"28":1},"f":{"0":1,"1":1,"2":0},"b":{"0":[1,1],"1":[1,1],"2":[0,0],"3":[0,0],"4":[0,0,0,0],"5":[0,0],"6":[0,0,0],"7":[0,0],"8":[0,0]},"inputSourceMap":{"version":3,"sources":["/Users/ramajjohnson/TTE/types.ts"],"mappings":"AAAO,WAAK,QAAL,kBAAKA,WAAL;AACL,EAAAA,OAAA,WAAQ;AACR,EAAAA,OAAA,aAAU;AACV,EAAAA,OAAA,iBAAc;AACd,EAAAA,OAAA,kBAAe;AACf,EAAAA,OAAA,sBAAmB;AACnB,EAAAA,OAAA,sBAAmB;AACnB,EAAAA,OAAA,eAAY;AACZ,EAAAA,OAAA,qBAAkB;AAClB,EAAAA,OAAA,kBAAe;AACf,EAAAA,OAAA,sBAAmB;AAVT,SAAAA;AAAA,GAAA;AAaL,WAAK,WAAL,kBAAKC,cAAL;AACL,EAAAA,UAAA,aAAU;AACV,EAAAA,UAAA,cAAW;AACX,EAAAA,UAAA,WAAQ;AACR,EAAAA,UAAA,YAAS;AAJC,SAAAA;AAAA,GAAA;AAyCL,aAAM,uBAAuB,CAAC,MAAgC;AACnE,QAAM,mBAAmB,CAAC,CAAC,EAAE,OAAO,YAAY,EAAE,OAAO,SAAS,SAAS;AAC3E,QAAM,iBAAiB,CAAC,CAAC,EAAE,OAAO,UAAU,EAAE,OAAO,OAAO,SAAS;AACrE,QAAM,0BACJ,EAAE,OAAO,oBAAoB,KAC7B,EAAE,OAAO,qBAAqB,KAC9B,EAAE,OAAO,kBAAkB,KAC3B,EAAE,OAAO,kBAAkB;AAE7B,MAAI,oBAAoB,kBAAkB,wBAAyB,QAAO;AAC1E,MAAI,oBAAoB,eAAgB,QAAO;AAC/C,SAAO;AACT;AAEO,aAAM,sBAAiD;AAAA,EAC5D,GAAG;AAAA,EACH,GAAG;AAAA,EACH,GAAG;AACL;AAyDO,aAAM,gBAA6B;AAAA,EACxC,cAAc;AAAA,EACd,QAAQ;AAAA,EACR,QAAQ,CAAC;AAAA,EACT,YAAY,CAAC;AAAA,EACb,gBAAgB;AAAA,EAChB,WAAW;AAAA,EACX,eAAe;AAAA,EACf,WAAW;AAAA,EACX,SAAS;AAAA,EACT,IAAI;AACN;","names":["Phase","Quadrant"]},"_coverageSchema":"1a1c01bbd47fc00a2c39e90264f33305004495a9","hash":"12628a6b18a641bfd6e89b64737d8ba9b7cd98e3"},"/Users/ramajjohnson/TTE/config/AIModels.ts":{"path":"/Users/ramajjohnson/TTE/config/AIModels.ts","statementMap":{"0":{"start":{"line":1,"column":25},"end":{"line":29,"column":1}},"1":{"start":{"line":30,"column":32},"end":{"line":47,"column":1}}},"fnMap":{},"branchMap":{},"s":{"0":1,"1":1},"f":{},"b":{},"inputSourceMap":{"version":3,"sources":["/Users/ramajjohnson/TTE/config/AIModels.ts"],"mappings":"AAWO,aAAM,YAAY;AAAA;AAAA,EAErB,MAAM;AAAA,IACF,SAAS;AAAA,MACL,IAAI;AAAA;AAAA,MACJ,SAAS;AAAA,IACb;AAAA,IACA,UAAU;AAAA,MACN,IAAI;AAAA;AAAA,MACJ,SAAS;AAAA,IACb;AAAA,EACJ;AAAA;AAAA,EAEA,OAAO;AAAA,IACH,SAAS;AAAA,MACL,IAAI;AAAA;AAAA,IACR;AAAA,IACA,WAAW;AAAA,EACf;AAAA;AAAA,EAEA,KAAK;AAAA,IACD,SAAS;AAAA,MACL,IAAI;AAAA,IACR;AAAA,EACJ;AACJ;AAOO,aAAM,mBAAmB;AAAA,EAC5B,gBAAgB;AAAA;AAAA,EAChB,eAAe;AAAA;AAAA,EACf,oBAAoB;AAAA;AAAA,EACpB,eAAe;AAAA;AAAA,EACf,UAAU;AAAA;AAAA,EACV,gBAAgB;AAAA;AAAA,EAChB,aAAa;AAAA;AAAA,EACb,eAAe;AAAA;AACnB;","names":[]},"_coverageSchema":"1a1c01bbd47fc00a2c39e90264f33305004495a9","hash":"f8af49de522501fe7005dcf973c1bd22609d1dc1"},"/Users/ramajjohnson/TTE/services/sanitizer.ts":{"path":"/Users/ramajjohnson/TTE/services/sanitizer.ts","statementMap":{"0":{"start":{"line":1,"column":27},"end":{"line":19,"column":1}},"1":{"start":{"line":20,"column":29},"end":{"line":29,"column":1}},"2":{"start":{"line":21,"column":2},"end":{"line":21,"column":53}},"3":{"start":{"line":21,"column":43},"end":{"line":21,"column":53}},"4":{"start":{"line":22,"column":16},"end":{"line":22,"column":21}},"5":{"start":{"line":23,"column":2},"end":{"line":25,"column":3}},"6":{"start":{"line":24,"column":4},"end":{"line":24,"column":53}},"7":{"start":{"line":26,"column":2},"end":{"line":26,"column":47}},"8":{"start":{"line":27,"column":2},"end":{"line":27,"column":54}},"9":{"start":{"line":28,"column":2},"end":{"line":28,"column":17}},"10":{"start":{"line":30,"column":34},"end":{"line":33,"column":1}},"11":{"start":{"line":31,"column":2},"end":{"line":31,"column":27}},"12":{"start":{"line":31,"column":14},"end":{"line":31,"column":27}},"13":{"start":{"line":32,"column":2},"end":{"line":32,"column":55}},"14":{"start":{"line":32,"column":40},"end":{"line":32,"column":53}}},"fnMap":{"0":{"name":"(anonymous_0)","decl":{"start":{"line":20,"column":29},"end":{"line":20,"column":30}},"loc":{"start":{"line":20,"column":40},"end":{"line":29,"column":1}},"line":20},"1":{"name":"(anonymous_1)","decl":{"start":{"line":30,"column":34},"end":{"line":30,"column":35}},"loc":{"start":{"line":30,"column":45},"end":{"line":33,"column":1}},"line":30},"2":{"name":"(anonymous_2)","decl":{"start":{"line":32,"column":33},"end":{"line":32,"column":34}},"loc":{"start":{"line":32,"column":40},"end":{"line":32,"column":53}},"line":32}},"branchMap":{"0":{"loc":{"start":{"line":21,"column":2},"end":{"line":21,"column":53}},"type":"if","locations":[{"start":{"line":21,"column":2},"end":{"line":21,"column":53}},{"start":{},"end":{}}],"line":21},"1":{"loc":{"start":{"line":21,"column":6},"end":{"line":21,"column":41}},"type":"binary-expr","locations":[{"start":{"line":21,"column":6},"end":{"line":21,"column":12}},{"start":{"line":21,"column":16},"end":{"line":21,"column":41}}],"line":21},"2":{"loc":{"start":{"line":31,"column":2},"end":{"line":31,"column":27}},"type":"if","locations":[{"start":{"line":31,"column":2},"end":{"line":31,"column":27}},{"start":{},"end":{}}],"line":31}},"s":{"0":1,"1":1,"2":8,"3":0,"4":8,"5":8,"6":128,"7":8,"8":8,"9":8,"10":1,"11":0,"12":0,"13":0,"14":0},"f":{"0":8,"1":0,"2":0},"b":{"0":[0,8],"1":[8,8],"2":[0,0]},"inputSourceMap":{"version":3,"sources":["/Users/ramajjohnson/TTE/services/sanitizer.ts"],"mappings":"AAOA,MAAM,qBAA+B;AAAA,EACjC;AAAA,EACA;AAAA,EACA;AAAA,EACA;AAAA,EACA;AAAA,EACA;AAAA,EACA;AAAA,EACA;AAAA,EACA;AAAA,EACA;AAAA,EACA;AAAA,EACA;AAAA,EACA;AAAA,EACA;AAAA,EACA;AAAA;AAAA,EACA;AACJ;AAMO,aAAM,gBAAgB,CAAC,UAA0B;AACpD,MAAI,CAAC,SAAS,OAAO,UAAU,SAAU,QAAO;AAEhD,MAAI,UAAU;AAEd,aAAW,WAAW,oBAAoB;AACtC,cAAU,QAAQ,QAAQ,SAAS,YAAY;AAAA,EACnD;AAGA,YAAU,QAAQ,WAAW,YAAY,EAAE;AAG3C,YAAU,QAAQ,WAAW,WAAW,GAAG,EAAE,KAAK;AAElD,SAAO;AACX;AAMO,aAAM,qBAAqB,CAAC,UAA2B;AAC1D,MAAI,CAAC,MAAO,QAAO;AACnB,SAAO,mBAAmB,KAAK,OAAK,EAAE,KAAK,KAAK,CAAC;AACrD;","names":[]},"_coverageSchema":"1a1c01bbd47fc00a2c39e90264f33305004495a9","hash":"50eaa61444dd4d5f259747ffd73647aed1b45d6e"},"/Users/ramajjohnson/TTE/services/geminiService.ts":{"path":"/Users/ramajjohnson/TTE/services/geminiService.ts","statementMap":{"0":{"start":{"line":4,"column":15},"end":{"line":4,"column":40}},"1":{"start":{"line":5,"column":0},"end":{"line":5,"column":76}},"2":{"start":{"line":6,"column":11},"end":{"line":6,"column":38}},"3":{"start":{"line":8,"column":14},"end":{"line":12,"column":4}},"4":{"start":{"line":13,"column":2},"end":{"line":16,"column":3}},"5":{"start":{"line":14,"column":16},"end":{"line":14,"column":75}},"6":{"start":{"line":14,"column":46},"end":{"line":14,"column":73}},"7":{"start":{"line":15,"column":4},"end":{"line":15,"column":64}},"8":{"start":{"line":17,"column":2},"end":{"line":17,"column":20}},"9":{"start":{"line":19,"column":25},"end":{"line":32,"column":152}},"10":{"start":{"line":33,"column":22},"end":{"line":38,"column":1}},"11":{"start":{"line":39,"column":20},"end":{"line":39,"column":24}},"12":{"start":{"line":40,"column":19},"end":{"line":40,"column":23}},"13":{"start":{"line":41,"column":18},"end":{"line":41,"column":22}},"14":{"start":{"line":43,"column":15},"end":{"line":43,"column":66}},"15":{"start":{"line":43,"column":40},"end":{"line":43,"column":65}},"16":{"start":{"line":44,"column":2},"end":{"line":54,"column":14}},"17":{"start":{"line":57,"column":2},"end":{"line":57,"column":24}},"18":{"start":{"line":58,"column":18},"end":{"line":58,"column":42}},"19":{"start":{"line":59,"column":2},"end":{"line":62,"column":3}},"20":{"start":{"line":60,"column":4},"end":{"line":60,"column":24}},"21":{"start":{"line":61,"column":4},"end":{"line":61,"column":26}},"22":{"start":{"line":65,"column":2},"end":{"line":65,"column":74}},"23":{"start":{"line":65,"column":22},"end":{"line":65,"column":74}},"24":{"start":{"line":66,"column":2},"end":{"line":66,"column":40}},"25":{"start":{"line":66,"column":20},"end":{"line":66,"column":40}},"26":{"start":{"line":67,"column":21},"end":{"line":67,"column":50}},"27":{"start":{"line":68,"column":2},"end":{"line":75,"column":3}},"28":{"start":{"line":69,"column":19},"end":{"line":69,"column":53}},"29":{"start":{"line":70,"column":4},"end":{"line":73,"column":5}},"30":{"start":{"line":71,"column":6},"end":{"line":71,"column":28}},"31":{"start":{"line":72,"column":6},"end":{"line":72,"column":20}},"32":{"start":{"line":76,"column":12},"end":{"line":76,"column":25}},"33":{"start":{"line":77,"column":15},"end":{"line":77,"column":66}},"34":{"start":{"line":77,"column":40},"end":{"line":77,"column":65}},"35":{"start":{"line":78,"column":17},"end":{"line":87,"column":39}},"36":{"start":{"line":88,"column":2},"end":{"line":88,"column":24}},"37":{"start":{"line":89,"column":2},"end":{"line":92,"column":3}},"38":{"start":{"line":90,"column":4},"end":{"line":90,"column":47}},"39":{"start":{"line":93,"column":2},"end":{"line":93,"column":16}},"40":{"start":{"line":96,"column":16},"end":{"line":96,"column":116}},"41":{"start":{"line":97,"column":2},"end":{"line":102,"column":18}},"42":{"start":{"line":105,"column":18},"end":{"line":105,"column":40}},"43":{"start":{"line":106,"column":19},"end":{"line":106,"column":42}},"44":{"start":{"line":107,"column":17},"end":{"line":107,"column":37}},"45":{"start":{"line":108,"column":25},"end":{"line":108,"column":75}},"46":{"start":{"line":109,"column":2},"end":{"line":109,"column":34}},"47":{"start":{"line":110,"column":2},"end":{"line":128,"column":3}},"48":{"start":{"line":111,"column":19},"end":{"line":117,"column":6}},"49":{"start":{"line":118,"column":4},"end":{"line":118,"column":18}},"50":{"start":{"line":120,"column":4},"end":{"line":120,"column":115}},"51":{"start":{"line":121,"column":19},"end":{"line":126,"column":6}},"52":{"start":{"line":127,"column":4},"end":{"line":127,"column":18}},"53":{"start":{"line":130,"column":26},"end":{"line":142,"column":1}},"54":{"start":{"line":144,"column":23},"end":{"line":144,"column":35}},"55":{"start":{"line":145,"column":14},"end":{"line":145,"column":33}},"56":{"start":{"line":146,"column":16},"end":{"line":146,"column":35}},"57":{"start":{"line":147,"column":2},"end":{"line":149,"column":3}},"58":{"start":{"line":147,"column":15},"end":{"line":147,"column":16}},"59":{"start":{"line":148,"column":4},"end":{"line":148,"column":42}},"60":{"start":{"line":150,"column":2},"end":{"line":150,"column":15}},"61":{"start":{"line":153,"column":20},"end":{"line":153,"column":47}},"62":{"start":{"line":154,"column":21},"end":{"line":154,"column":51}},"63":{"start":{"line":155,"column":17},"end":{"line":155,"column":70}},"64":{"start":{"line":156,"column":2},"end":{"line":161,"column":3}},"65":{"start":{"line":156,"column":21},"end":{"line":156,"column":22}},"66":{"start":{"line":157,"column":24},"end":{"line":157,"column":54}},"67":{"start":{"line":158,"column":4},"end":{"line":160,"column":5}},"68":{"start":{"line":158,"column":17},"end":{"line":158,"column":18}},"69":{"start":{"line":159,"column":6},"end":{"line":159,"column":68}},"70":{"start":{"line":162,"column":2},"end":{"line":162,"column":16}},"71":{"start":{"line":165,"column":12},"end":{"line":165,"column":23}},"72":{"start":{"line":166,"column":16},"end":{"line":166,"column":33}},"73":{"start":{"line":167,"column":2},"end":{"line":169,"column":3}},"74":{"start":{"line":167,"column":15},"end":{"line":167,"column":16}},"75":{"start":{"line":168,"column":4},"end":{"line":168,"column":58}},"76":{"start":{"line":170,"column":17},"end":{"line":170,"column":45}},"77":{"start":{"line":171,"column":15},"end":{"line":171,"column":17}},"78":{"start":{"line":172,"column":14},"end":{"line":172,"column":31}},"79":{"start":{"line":173,"column":2},"end":{"line":175,"column":3}},"80":{"start":{"line":173,"column":15},"end":{"line":173,"column":16}},"81":{"start":{"line":174,"column":4},"end":{"line":174,"column":45}},"82":{"start":{"line":176,"column":17},"end":{"line":176,"column":29}},"83":{"start":{"line":177,"column":2},"end":{"line":180,"column":4}},"84":{"start":{"line":182,"column":24},"end":{"line":182,"column":28}},"85":{"start":{"line":183,"column":25},"end":{"line":183,"column":29}},"86":{"start":{"line":184,"column":20},"end":{"line":184,"column":21}},"87":{"start":{"line":185,"column":30},"end":{"line":185,"column":39}},"88":{"start":{"line":186,"column":21},"end":{"line":186,"column":25}},"89":{"start":{"line":187,"column":23},"end":{"line":187,"column":27}},"90":{"start":{"line":188,"column":24},"end":{"line":188,"column":28}},"91":{"start":{"line":189,"column":37},"end":{"line":225,"column":1}},"92":{"start":{"line":190,"column":2},"end":{"line":198,"column":3}},"93":{"start":{"line":191,"column":4},"end":{"line":196,"column":5}},"94":{"start":{"line":192,"column":6},"end":{"line":192,"column":29}},"95":{"start":{"line":193,"column":6},"end":{"line":193,"column":42}},"96":{"start":{"line":195,"column":6},"end":{"line":195,"column":53}},"97":{"start":{"line":197,"column":4},"end":{"line":197,"column":26}},"98":{"start":{"line":199,"column":2},"end":{"line":203,"column":3}},"99":{"start":{"line":200,"column":4},"end":{"line":200,"column":34}},"100":{"start":{"line":201,"column":4},"end":{"line":201,"column":43}},"101":{"start":{"line":202,"column":4},"end":{"line":202,"column":28}},"102":{"start":{"line":204,"column":2},"end":{"line":207,"column":3}},"103":{"start":{"line":205,"column":4},"end":{"line":205,"column":35}},"104":{"start":{"line":206,"column":4},"end":{"line":206,"column":29}},"105":{"start":{"line":208,"column":2},"end":{"line":208,"column":20}},"106":{"start":{"line":209,"column":2},"end":{"line":209,"column":35}},"107":{"start":{"line":209,"column":25},"end":{"line":209,"column":33}},"108":{"start":{"line":210,"column":2},"end":{"line":210,"column":18}},"109":{"start":{"line":211,"column":2},"end":{"line":217,"column":3}},"110":{"start":{"line":212,"column":4},"end":{"line":215,"column":5}},"111":{"start":{"line":213,"column":6},"end":{"line":213,"column":38}},"112":{"start":{"line":216,"column":4},"end":{"line":216,"column":29}},"113":{"start":{"line":218,"column":2},"end":{"line":224,"column":3}},"114":{"start":{"line":219,"column":4},"end":{"line":222,"column":5}},"115":{"start":{"line":220,"column":6},"end":{"line":220,"column":39}},"116":{"start":{"line":223,"column":4},"end":{"line":223,"column":30}},"117":{"start":{"line":226,"column":34},"end":{"line":294,"column":1}},"118":{"start":{"line":227,"column":2},"end":{"line":227,"column":45}},"119":{"start":{"line":227,"column":15},"end":{"line":227,"column":45}},"120":{"start":{"line":228,"column":2},"end":{"line":228,"column":32}},"121":{"start":{"line":229,"column":2},"end":{"line":229,"column":99}},"122":{"start":{"line":230,"column":2},"end":{"line":230,"column":100}},"123":{"start":{"line":231,"column":21},"end":{"line":231,"column":52}},"124":{"start":{"line":232,"column":2},"end":{"line":232,"column":53}},"125":{"start":{"line":233,"column":17},"end":{"line":233,"column":75}},"126":{"start":{"line":234,"column":25},"end":{"line":291,"column":4}},"127":{"start":{"line":238,"column":8},"end":{"line":238,"column":43}},"128":{"start":{"line":239,"column":8},"end":{"line":239,"column":39}},"129":{"start":{"line":239,"column":32},"end":{"line":239,"column":39}},"130":{"start":{"line":240,"column":21},"end":{"line":240,"column":86}},"131":{"start":{"line":241,"column":20},"end":{"line":241,"column":45}},"132":{"start":{"line":242,"column":8},"end":{"line":254,"column":59}},"133":{"start":{"line":243,"column":10},"end":{"line":243,"column":60}},"134":{"start":{"line":243,"column":53},"end":{"line":243,"column":60}},"135":{"start":{"line":244,"column":10},"end":{"line":244,"column":80}},"136":{"start":{"line":245,"column":10},"end":{"line":245,"column":96}},"137":{"start":{"line":246,"column":10},"end":{"line":250,"column":12}},"138":{"start":{"line":247,"column":12},"end":{"line":247,"column":40}},"139":{"start":{"line":247,"column":33},"end":{"line":247,"column":40}},"140":{"start":{"line":248,"column":28},"end":{"line":248,"column":53}},"141":{"start":{"line":249,"column":12},"end":{"line":249,"column":65}},"142":{"start":{"line":251,"column":10},"end":{"line":251,"column":54}},"143":{"start":{"line":252,"column":10},"end":{"line":252,"column":66}},"144":{"start":{"line":253,"column":10},"end":{"line":253,"column":35}},"145":{"start":{"line":254,"column":24},"end":{"line":254,"column":57}},"146":{"start":{"line":257,"column":8},"end":{"line":257,"column":40}},"147":{"start":{"line":257,"column":33},"end":{"line":257,"column":40}},"148":{"start":{"line":258,"column":41},"end":{"line":258,"column":103}},"149":{"start":{"line":259,"column":8},"end":{"line":274,"column":9}},"150":{"start":{"line":260,"column":30},"end":{"line":265,"column":11}},"151":{"start":{"line":266,"column":10},"end":{"line":266,"column":82}},"152":{"start":{"line":267,"column":25},"end":{"line":267,"column":64}},"153":{"start":{"line":268,"column":10},"end":{"line":268,"column":38}},"154":{"start":{"line":269,"column":10},"end":{"line":269,"column":37}},"155":{"start":{"line":270,"column":10},"end":{"line":270,"column":56}},"156":{"start":{"line":270,"column":33},"end":{"line":270,"column":55}},"157":{"start":{"line":271,"column":10},"end":{"line":271,"column":38}},"158":{"start":{"line":272,"column":10},"end":{"line":272,"column":48}},"159":{"start":{"line":273,"column":10},"end":{"line":273,"column":30}},"160":{"start":{"line":275,"column":8},"end":{"line":279,"column":9}},"161":{"start":{"line":276,"column":10},"end":{"line":276,"column":43}},"162":{"start":{"line":276,"column":33},"end":{"line":276,"column":41}},"163":{"start":{"line":277,"column":10},"end":{"line":277,"column":26}},"164":{"start":{"line":278,"column":10},"end":{"line":278,"column":28}},"165":{"start":{"line":281,"column":22},"end":{"line":281,"column":56}},"166":{"start":{"line":282,"column":21},"end":{"line":282,"column":55}},"167":{"start":{"line":292,"column":2},"end":{"line":292,"column":49}},"168":{"start":{"line":292,"column":29},"end":{"line":292,"column":47}},"169":{"start":{"line":293,"column":2},"end":{"line":293,"column":24}},"170":{"start":{"line":295,"column":32},"end":{"line":321,"column":1}},"171":{"start":{"line":296,"column":2},"end":{"line":296,"column":29}},"172":{"start":{"line":297,"column":2},"end":{"line":297,"column":37}},"173":{"start":{"line":297,"column":15},"end":{"line":297,"column":37}},"174":{"start":{"line":298,"column":17},"end":{"line":303,"column":6}},"175":{"start":{"line":304,"column":17},"end":{"line":310,"column":3}},"176":{"start":{"line":311,"column":2},"end":{"line":320,"column":3}},"177":{"start":{"line":312,"column":21},"end":{"line":315,"column":39}},"178":{"start":{"line":316,"column":17},"end":{"line":316,"column":50}},"179":{"start":{"line":317,"column":4},"end":{"line":317,"column":46}},"180":{"start":{"line":319,"column":4},"end":{"line":319,"column":26}},"181":{"start":{"line":322,"column":40},"end":{"line":391,"column":1}},"182":{"start":{"line":323,"column":2},"end":{"line":323,"column":29}},"183":{"start":{"line":324,"column":2},"end":{"line":331,"column":3}},"184":{"start":{"line":325,"column":4},"end":{"line":330,"column":6}},"185":{"start":{"line":332,"column":17},"end":{"line":360,"column":3}},"186":{"start":{"line":361,"column":17},"end":{"line":370,"column":3}},"187":{"start":{"line":371,"column":2},"end":{"line":390,"column":3}},"188":{"start":{"line":372,"column":21},"end":{"line":378,"column":38}},"189":{"start":{"line":379,"column":17},"end":{"line":379,"column":30}},"190":{"start":{"line":380,"column":4},"end":{"line":380,"column":46}},"191":{"start":{"line":380,"column":15},"end":{"line":380,"column":46}},"192":{"start":{"line":381,"column":4},"end":{"line":381,"column":28}},"193":{"start":{"line":383,"column":4},"end":{"line":383,"column":44}},"194":{"start":{"line":384,"column":4},"end":{"line":389,"column":6}},"195":{"start":{"line":392,"column":44},"end":{"line":453,"column":1}},"196":{"start":{"line":393,"column":17},"end":{"line":393,"column":93}},"197":{"start":{"line":393,"column":39},"end":{"line":393,"column":81}},"198":{"start":{"line":394,"column":14},"end":{"line":394,"column":51}},"199":{"start":{"line":394,"column":36},"end":{"line":394,"column":40}},"200":{"start":{"line":395,"column":2},"end":{"line":407,"column":3}},"201":{"start":{"line":396,"column":4},"end":{"line":406,"column":6}},"202":{"start":{"line":408,"column":17},"end":{"line":417,"column":3}},"203":{"start":{"line":418,"column":17},"end":{"line":427,"column":3}},"204":{"start":{"line":428,"column":2},"end":{"line":452,"column":3}},"205":{"start":{"line":429,"column":21},"end":{"line":435,"column":43}},"206":{"start":{"line":436,"column":17},"end":{"line":436,"column":30}},"207":{"start":{"line":437,"column":19},"end":{"line":437,"column":43}},"208":{"start":{"line":438,"column":4},"end":{"line":448,"column":6}},"209":{"start":{"line":450,"column":4},"end":{"line":450,"column":44}},"210":{"start":{"line":451,"column":4},"end":{"line":451,"column":16}},"211":{"start":{"line":454,"column":40},"end":{"line":470,"column":1}},"212":{"start":{"line":455,"column":2},"end":{"line":455,"column":25}},"213":{"start":{"line":455,"column":15},"end":{"line":455,"column":25}},"214":{"start":{"line":456,"column":2},"end":{"line":469,"column":3}},"215":{"start":{"line":457,"column":21},"end":{"line":462,"column":6}},"216":{"start":{"line":463,"column":19},"end":{"line":463,"column":85}},"217":{"start":{"line":464,"column":17},"end":{"line":464,"column":77}},"218":{"start":{"line":464,"column":35},"end":{"line":464,"column":45}},"219":{"start":{"line":464,"column":61},"end":{"line":464,"column":64}},"220":{"start":{"line":465,"column":4},"end":{"line":465,"column":16}},"221":{"start":{"line":467,"column":4},"end":{"line":467,"column":37}},"222":{"start":{"line":468,"column":4},"end":{"line":468,"column":14}},"223":{"start":{"line":471,"column":36},"end":{"line":499,"column":1}},"224":{"start":{"line":472,"column":2},"end":{"line":472,"column":27}},"225":{"start":{"line":472,"column":15},"end":{"line":472,"column":27}},"226":{"start":{"line":473,"column":2},"end":{"line":498,"column":3}},"227":{"start":{"line":474,"column":21},"end":{"line":485,"column":6}},"228":{"start":{"line":486,"column":24},"end":{"line":486,"column":87}},"229":{"start":{"line":487,"column":4},"end":{"line":487,"column":34}},"230":{"start":{"line":487,"column":22},"end":{"line":487,"column":34}},"231":{"start":{"line":488,"column":25},"end":{"line":488,"column":42}},"232":{"start":{"line":489,"column":16},"end":{"line":489,"column":35}},"233":{"start":{"line":490,"column":18},"end":{"line":490,"column":37}},"234":{"start":{"line":491,"column":4},"end":{"line":493,"column":5}},"235":{"start":{"line":491,"column":17},"end":{"line":491,"column":18}},"236":{"start":{"line":492,"column":6},"end":{"line":492,"column":44}},"237":{"start":{"line":494,"column":4},"end":{"line":494,"column":24}},"238":{"start":{"line":496,"column":4},"end":{"line":496,"column":34}},"239":{"start":{"line":497,"column":4},"end":{"line":497,"column":16}},"240":{"start":{"line":500,"column":37},"end":{"line":530,"column":1}},"241":{"start":{"line":501,"column":2},"end":{"line":501,"column":37}},"242":{"start":{"line":502,"column":2},"end":{"line":502,"column":55}},"243":{"start":{"line":503,"column":2},"end":{"line":503,"column":57}},"244":{"start":{"line":503,"column":18},"end":{"line":503,"column":57}},"245":{"start":{"line":504,"column":2},"end":{"line":504,"column":55}},"246":{"start":{"line":504,"column":15},"end":{"line":504,"column":55}},"247":{"start":{"line":505,"column":25},"end":{"line":511,"column":8}},"248":{"start":{"line":512,"column":17},"end":{"line":521,"column":5}},"249":{"start":{"line":522,"column":2},"end":{"line":529,"column":3}},"250":{"start":{"line":523,"column":21},"end":{"line":525,"column":38}},"251":{"start":{"line":526,"column":4},"end":{"line":526,"column":59}},"252":{"start":{"line":528,"column":4},"end":{"line":528,"column":42}},"253":{"start":{"line":531,"column":35},"end":{"line":569,"column":1}},"254":{"start":{"line":532,"column":2},"end":{"line":532,"column":37}},"255":{"start":{"line":533,"column":2},"end":{"line":533,"column":57}},"256":{"start":{"line":533,"column":18},"end":{"line":533,"column":57}},"257":{"start":{"line":534,"column":2},"end":{"line":534,"column":66}},"258":{"start":{"line":534,"column":15},"end":{"line":534,"column":66}},"259":{"start":{"line":535,"column":25},"end":{"line":541,"column":8}},"260":{"start":{"line":542,"column":17},"end":{"line":559,"column":5}},"261":{"start":{"line":560,"column":2},"end":{"line":568,"column":3}},"262":{"start":{"line":561,"column":21},"end":{"line":563,"column":6}},"263":{"start":{"line":564,"column":4},"end":{"line":564,"column":57}},"264":{"start":{"line":566,"column":4},"end":{"line":566,"column":46}},"265":{"start":{"line":567,"column":4},"end":{"line":567,"column":40}},"266":{"start":{"line":570,"column":31},"end":{"line":629,"column":1}},"267":{"start":{"line":571,"column":2},"end":{"line":571,"column":66}},"268":{"start":{"line":571,"column":15},"end":{"line":571,"column":66}},"269":{"start":{"line":572,"column":17},"end":{"line":585,"column":3}},"270":{"start":{"line":586,"column":2},"end":{"line":586,"column":67}},"271":{"start":{"line":587,"column":2},"end":{"line":628,"column":3}},"272":{"start":{"line":588,"column":27},"end":{"line":593,"column":6}},"273":{"start":{"line":594,"column":21},"end":{"line":594,"column":122}},"274":{"start":{"line":595,"column":4},"end":{"line":595,"column":79}},"275":{"start":{"line":596,"column":30},"end":{"line":618,"column":33}},"276":{"start":{"line":619,"column":4},"end":{"line":621,"column":5}},"277":{"start":{"line":620,"column":6},"end":{"line":620,"column":99}},"278":{"start":{"line":622,"column":19},"end":{"line":622,"column":53}},"279":{"start":{"line":623,"column":4},"end":{"line":623,"column":43}},"280":{"start":{"line":624,"column":4},"end":{"line":624,"column":18}},"281":{"start":{"line":626,"column":4},"end":{"line":626,"column":66}},"282":{"start":{"line":627,"column":4},"end":{"line":627,"column":68}},"283":{"start":{"line":630,"column":37},"end":{"line":729,"column":1}},"284":{"start":{"line":631,"column":2},"end":{"line":631,"column":69}},"285":{"start":{"line":631,"column":15},"end":{"line":631,"column":69}},"286":{"start":{"line":632,"column":20},"end":{"line":655,"column":3}},"287":{"start":{"line":656,"column":2},"end":{"line":656,"column":56}},"288":{"start":{"line":657,"column":2},"end":{"line":657,"column":51}},"289":{"start":{"line":658,"column":22},"end":{"line":674,"column":3}},"290":{"start":{"line":675,"column":24},"end":{"line":681,"column":36}},"291":{"start":{"line":682,"column":16},"end":{"line":682,"column":54}},"292":{"start":{"line":683,"column":2},"end":{"line":683,"column":81}},"293":{"start":{"line":684,"column":2},"end":{"line":684,"column":70}},"294":{"start":{"line":685,"column":2},"end":{"line":685,"column":60}},"295":{"start":{"line":686,"column":25},"end":{"line":711,"column":3}},"296":{"start":{"line":712,"column":2},"end":{"line":728,"column":3}},"297":{"start":{"line":713,"column":28},"end":{"line":719,"column":38}},"298":{"start":{"line":720,"column":20},"end":{"line":720,"column":60}},"299":{"start":{"line":721,"column":4},"end":{"line":721,"column":85}},"300":{"start":{"line":722,"column":4},"end":{"line":722,"column":35}},"301":{"start":{"line":723,"column":4},"end":{"line":723,"column":19}},"302":{"start":{"line":725,"column":4},"end":{"line":725,"column":65}},"303":{"start":{"line":726,"column":4},"end":{"line":726,"column":49}},"304":{"start":{"line":727,"column":4},"end":{"line":727,"column":17}},"305":{"start":{"line":730,"column":30},"end":{"line":789,"column":1}},"306":{"start":{"line":731,"column":2},"end":{"line":731,"column":37}},"307":{"start":{"line":732,"column":2},"end":{"line":732,"column":51}},"308":{"start":{"line":732,"column":16},"end":{"line":732,"column":51}},"309":{"start":{"line":733,"column":2},"end":{"line":739,"column":3}},"310":{"start":{"line":734,"column":4},"end":{"line":738,"column":6}},"311":{"start":{"line":740,"column":17},"end":{"line":760,"column":3}},"312":{"start":{"line":761,"column":17},"end":{"line":769,"column":3}},"313":{"start":{"line":770,"column":2},"end":{"line":788,"column":3}},"314":{"start":{"line":771,"column":21},"end":{"line":777,"column":39}},"315":{"start":{"line":778,"column":19},"end":{"line":778,"column":52}},"316":{"start":{"line":779,"column":4},"end":{"line":779,"column":112}},"317":{"start":{"line":780,"column":4},"end":{"line":780,"column":18}},"318":{"start":{"line":782,"column":4},"end":{"line":782,"column":49}},"319":{"start":{"line":783,"column":4},"end":{"line":787,"column":6}},"320":{"start":{"line":790,"column":35},"end":{"line":842,"column":1}},"321":{"start":{"line":791,"column":2},"end":{"line":791,"column":37}},"322":{"start":{"line":792,"column":2},"end":{"line":792,"column":39}},"323":{"start":{"line":793,"column":2},"end":{"line":801,"column":3}},"324":{"start":{"line":794,"column":4},"end":{"line":800,"column":6}},"325":{"start":{"line":802,"column":17},"end":{"line":815,"column":3}},"326":{"start":{"line":816,"column":17},"end":{"line":826,"column":3}},"327":{"start":{"line":827,"column":2},"end":{"line":841,"column":3}},"328":{"start":{"line":828,"column":21},"end":{"line":834,"column":36}},"329":{"start":{"line":835,"column":18},"end":{"line":835,"column":51}},"330":{"start":{"line":836,"column":4},"end":{"line":836,"column":81}},"331":{"start":{"line":837,"column":4},"end":{"line":837,"column":17}},"332":{"start":{"line":839,"column":4},"end":{"line":839,"column":43}},"333":{"start":{"line":840,"column":4},"end":{"line":840,"column":14}},"334":{"start":{"line":843,"column":28},"end":{"line":893,"column":1}},"335":{"start":{"line":844,"column":2},"end":{"line":844,"column":45}},"336":{"start":{"line":844,"column":35},"end":{"line":844,"column":45}},"337":{"start":{"line":845,"column":19},"end":{"line":845,"column":87}},"338":{"start":{"line":845,"column":36},"end":{"line":845,"column":75}},"339":{"start":{"line":846,"column":17},"end":{"line":864,"column":3}},"340":{"start":{"line":865,"column":17},"end":{"line":877,"column":3}},"341":{"start":{"line":878,"column":2},"end":{"line":892,"column":3}},"342":{"start":{"line":879,"column":21},"end":{"line":885,"column":36}},"343":{"start":{"line":886,"column":24},"end":{"line":886,"column":57}},"344":{"start":{"line":887,"column":4},"end":{"line":887,"column":81}},"345":{"start":{"line":888,"column":4},"end":{"line":888,"column":23}},"346":{"start":{"line":890,"column":4},"end":{"line":890,"column":47}},"347":{"start":{"line":891,"column":4},"end":{"line":891,"column":14}}},"fnMap":{"0":{"name":"callGeminiProxy","decl":{"start":{"line":7,"column":15},"end":{"line":7,"column":30}},"loc":{"start":{"line":7,"column":40},"end":{"line":18,"column":1}},"line":7},"1":{"name":"(anonymous_1)","decl":{"start":{"line":14,"column":39},"end":{"line":14,"column":40}},"loc":{"start":{"line":14,"column":46},"end":{"line":14,"column":73}},"line":14},"2":{"name":"computeCortexHash","decl":{"start":{"line":42,"column":9},"end":{"line":42,"column":26}},"loc":{"start":{"line":42,"column":30},"end":{"line":55,"column":1}},"line":42},"3":{"name":"(anonymous_3)","decl":{"start":{"line":43,"column":33},"end":{"line":43,"column":34}},"loc":{"start":{"line":43,"column":40},"end":{"line":43,"column":65}},"line":43},"4":{"name":"updateCortex","decl":{"start":{"line":56,"column":16},"end":{"line":56,"column":28}},"loc":{"start":{"line":56,"column":36},"end":{"line":63,"column":1}},"line":56},"5":{"name":"buildCortex","decl":{"start":{"line":64,"column":9},"end":{"line":64,"column":20}},"loc":{"start":{"line":64,"column":23},"end":{"line":94,"column":1}},"line":64},"6":{"name":"(anonymous_6)","decl":{"start":{"line":77,"column":33},"end":{"line":77,"column":34}},"loc":{"start":{"line":77,"column":40},"end":{"line":77,"column":65}},"line":77},"7":{"name":"getSystemInstruction","decl":{"start":{"line":95,"column":9},"end":{"line":95,"column":29}},"loc":{"start":{"line":95,"column":36},"end":{"line":103,"column":1}},"line":95},"8":{"name":"generateWithFallback","decl":{"start":{"line":104,"column":15},"end":{"line":104,"column":35}},"loc":{"start":{"line":104,"column":60},"end":{"line":129,"column":1}},"line":104},"9":{"name":"decode","decl":{"start":{"line":143,"column":9},"end":{"line":143,"column":15}},"loc":{"start":{"line":143,"column":24},"end":{"line":151,"column":1}},"line":143},"10":{"name":"pcmToAudioBuffer","decl":{"start":{"line":152,"column":22},"end":{"line":152,"column":38}},"loc":{"start":{"line":152,"column":75},"end":{"line":163,"column":1}},"line":152},"11":{"name":"createPcmData","decl":{"start":{"line":164,"column":9},"end":{"line":164,"column":22}},"loc":{"start":{"line":164,"column":29},"end":{"line":181,"column":1}},"line":164},"12":{"name":"(anonymous_12)","decl":{"start":{"line":189,"column":37},"end":{"line":189,"column":38}},"loc":{"start":{"line":189,"column":49},"end":{"line":225,"column":1}},"line":189},"13":{"name":"(anonymous_13)","decl":{"start":{"line":209,"column":18},"end":{"line":209,"column":19}},"loc":{"start":{"line":209,"column":25},"end":{"line":209,"column":33}},"line":209},"14":{"name":"(anonymous_14)","decl":{"start":{"line":226,"column":34},"end":{"line":226,"column":35}},"loc":{"start":{"line":226,"column":46},"end":{"line":294,"column":1}},"line":226},"15":{"name":"(anonymous_15)","decl":{"start":{"line":237,"column":14},"end":{"line":237,"column":15}},"loc":{"start":{"line":237,"column":20},"end":{"line":255,"column":7}},"line":237},"16":{"name":"(anonymous_16)","decl":{"start":{"line":242,"column":59},"end":{"line":242,"column":60}},"loc":{"start":{"line":242,"column":65},"end":{"line":254,"column":9}},"line":242},"17":{"name":"(anonymous_17)","decl":{"start":{"line":246,"column":44},"end":{"line":246,"column":45}},"loc":{"start":{"line":246,"column":55},"end":{"line":250,"column":11}},"line":246},"18":{"name":"(anonymous_18)","decl":{"start":{"line":254,"column":17},"end":{"line":254,"column":18}},"loc":{"start":{"line":254,"column":24},"end":{"line":254,"column":57}},"line":254},"19":{"name":"(anonymous_19)","decl":{"start":{"line":256,"column":17},"end":{"line":256,"column":18}},"loc":{"start":{"line":256,"column":36},"end":{"line":280,"column":7}},"line":256},"20":{"name":"(anonymous_20)","decl":{"start":{"line":270,"column":27},"end":{"line":270,"column":28}},"loc":{"start":{"line":270,"column":33},"end":{"line":270,"column":55}},"line":270},"21":{"name":"(anonymous_21)","decl":{"start":{"line":276,"column":26},"end":{"line":276,"column":27}},"loc":{"start":{"line":276,"column":33},"end":{"line":276,"column":41}},"line":276},"22":{"name":"(anonymous_22)","decl":{"start":{"line":281,"column":15},"end":{"line":281,"column":16}},"loc":{"start":{"line":281,"column":22},"end":{"line":281,"column":56}},"line":281},"23":{"name":"(anonymous_23)","decl":{"start":{"line":282,"column":15},"end":{"line":282,"column":16}},"loc":{"start":{"line":282,"column":21},"end":{"line":282,"column":55}},"line":282},"24":{"name":"(anonymous_24)","decl":{"start":{"line":292,"column":22},"end":{"line":292,"column":23}},"loc":{"start":{"line":292,"column":29},"end":{"line":292,"column":47}},"line":292},"25":{"name":"(anonymous_25)","decl":{"start":{"line":295,"column":32},"end":{"line":295,"column":33}},"loc":{"start":{"line":295,"column":48},"end":{"line":321,"column":1}},"line":295},"26":{"name":"(anonymous_26)","decl":{"start":{"line":322,"column":40},"end":{"line":322,"column":41}},"loc":{"start":{"line":322,"column":66},"end":{"line":391,"column":1}},"line":322},"27":{"name":"(anonymous_27)","decl":{"start":{"line":392,"column":44},"end":{"line":392,"column":45}},"loc":{"start":{"line":392,"column":66},"end":{"line":453,"column":1}},"line":392},"28":{"name":"(anonymous_28)","decl":{"start":{"line":393,"column":32},"end":{"line":393,"column":33}},"loc":{"start":{"line":393,"column":39},"end":{"line":393,"column":81}},"line":393},"29":{"name":"(anonymous_29)","decl":{"start":{"line":394,"column":29},"end":{"line":394,"column":30}},"loc":{"start":{"line":394,"column":36},"end":{"line":394,"column":40}},"line":394},"30":{"name":"(anonymous_30)","decl":{"start":{"line":454,"column":40},"end":{"line":454,"column":41}},"loc":{"start":{"line":454,"column":60},"end":{"line":470,"column":1}},"line":454},"31":{"name":"(anonymous_31)","decl":{"start":{"line":464,"column":28},"end":{"line":464,"column":29}},"loc":{"start":{"line":464,"column":35},"end":{"line":464,"column":45}},"line":464},"32":{"name":"(anonymous_32)","decl":{"start":{"line":464,"column":54},"end":{"line":464,"column":55}},"loc":{"start":{"line":464,"column":61},"end":{"line":464,"column":64}},"line":464},"33":{"name":"(anonymous_33)","decl":{"start":{"line":471,"column":36},"end":{"line":471,"column":37}},"loc":{"start":{"line":471,"column":52},"end":{"line":499,"column":1}},"line":471},"34":{"name":"(anonymous_34)","decl":{"start":{"line":500,"column":37},"end":{"line":500,"column":38}},"loc":{"start":{"line":500,"column":97},"end":{"line":530,"column":1}},"line":500},"35":{"name":"(anonymous_35)","decl":{"start":{"line":531,"column":35},"end":{"line":531,"column":36}},"loc":{"start":{"line":531,"column":90},"end":{"line":569,"column":1}},"line":531},"36":{"name":"(anonymous_36)","decl":{"start":{"line":570,"column":31},"end":{"line":570,"column":32}},"loc":{"start":{"line":570,"column":79},"end":{"line":629,"column":1}},"line":570},"37":{"name":"(anonymous_37)","decl":{"start":{"line":630,"column":37},"end":{"line":630,"column":38}},"loc":{"start":{"line":630,"column":81},"end":{"line":729,"column":1}},"line":630},"38":{"name":"(anonymous_38)","decl":{"start":{"line":730,"column":30},"end":{"line":730,"column":31}},"loc":{"start":{"line":730,"column":78},"end":{"line":789,"column":1}},"line":730},"39":{"name":"(anonymous_39)","decl":{"start":{"line":790,"column":35},"end":{"line":790,"column":36}},"loc":{"start":{"line":790,"column":66},"end":{"line":842,"column":1}},"line":790},"40":{"name":"(anonymous_40)","decl":{"start":{"line":843,"column":28},"end":{"line":843,"column":29}},"loc":{"start":{"line":843,"column":45},"end":{"line":893,"column":1}},"line":843},"41":{"name":"(anonymous_41)","decl":{"start":{"line":845,"column":29},"end":{"line":845,"column":30}},"loc":{"start":{"line":845,"column":36},"end":{"line":845,"column":75}},"line":845}},"branchMap":{"0":{"loc":{"start":{"line":4,"column":15},"end":{"line":4,"column":40}},"type":"binary-expr","locations":[{"start":{"line":4,"column":15},"end":{"line":4,"column":34}},{"start":{"line":4,"column":38},"end":{"line":4,"column":40}}],"line":4},"1":{"loc":{"start":{"line":13,"column":2},"end":{"line":16,"column":3}},"type":"if","locations":[{"start":{"line":13,"column":2},"end":{"line":16,"column":3}},{"start":{},"end":{}}],"line":13},"2":{"loc":{"start":{"line":15,"column":20},"end":{"line":15,"column":62}},"type":"binary-expr","locations":[{"start":{"line":15,"column":20},"end":{"line":15,"column":31}},{"start":{"line":15,"column":35},"end":{"line":15,"column":62}}],"line":15},"3":{"loc":{"start":{"line":59,"column":2},"end":{"line":62,"column":3}},"type":"if","locations":[{"start":{"line":59,"column":2},"end":{"line":62,"column":3}},{"start":{},"end":{}}],"line":59},"4":{"loc":{"start":{"line":65,"column":2},"end":{"line":65,"column":74}},"type":"if","locations":[{"start":{"line":65,"column":2},"end":{"line":65,"column":74}},{"start":{},"end":{}}],"line":65},"5":{"loc":{"start":{"line":66,"column":2},"end":{"line":66,"column":40}},"type":"if","locations":[{"start":{"line":66,"column":2},"end":{"line":66,"column":40}},{"start":{},"end":{}}],"line":66},"6":{"loc":{"start":{"line":70,"column":4},"end":{"line":73,"column":5}},"type":"if","locations":[{"start":{"line":70,"column":4},"end":{"line":73,"column":5}},{"start":{},"end":{}}],"line":70},"7":{"loc":{"start":{"line":79,"column":12},"end":{"line":79,"column":40}},"type":"binary-expr","locations":[{"start":{"line":79,"column":12},"end":{"line":79,"column":27}},{"start":{"line":79,"column":31},"end":{"line":79,"column":40}}],"line":79},"8":{"loc":{"start":{"line":80,"column":12},"end":{"line":80,"column":48}},"type":"binary-expr","locations":[{"start":{"line":80,"column":12},"end":{"line":80,"column":31}},{"start":{"line":80,"column":35},"end":{"line":80,"column":48}}],"line":80},"9":{"loc":{"start":{"line":81,"column":8},"end":{"line":81,"column":47}},"type":"binary-expr","locations":[{"start":{"line":81,"column":8},"end":{"line":81,"column":32}},{"start":{"line":81,"column":36},"end":{"line":81,"column":47}}],"line":81},"10":{"loc":{"start":{"line":82,"column":8},"end":{"line":82,"column":46}},"type":"binary-expr","locations":[{"start":{"line":82,"column":8},"end":{"line":82,"column":32}},{"start":{"line":82,"column":36},"end":{"line":82,"column":46}}],"line":82},"11":{"loc":{"start":{"line":84,"column":15},"end":{"line":84,"column":40}},"type":"binary-expr","locations":[{"start":{"line":84,"column":15},"end":{"line":84,"column":30}},{"start":{"line":84,"column":34},"end":{"line":84,"column":40}}],"line":84},"12":{"loc":{"start":{"line":85,"column":10},"end":{"line":85,"column":94}},"type":"cond-expr","locations":[{"start":{"line":85,"column":28},"end":{"line":85,"column":82}},{"start":{"line":85,"column":85},"end":{"line":85,"column":94}}],"line":85},"13":{"loc":{"start":{"line":87,"column":11},"end":{"line":87,"column":37}},"type":"cond-expr","locations":[{"start":{"line":87,"column":18},"end":{"line":87,"column":29}},{"start":{"line":87,"column":32},"end":{"line":87,"column":37}}],"line":87},"14":{"loc":{"start":{"line":96,"column":16},"end":{"line":96,"column":116}},"type":"binary-expr","locations":[{"start":{"line":96,"column":16},"end":{"line":96,"column":90}},{"start":{"line":96,"column":94},"end":{"line":96,"column":116}}],"line":96},"15":{"loc":{"start":{"line":96,"column":30},"end":{"line":96,"column":89}},"type":"binary-expr","locations":[{"start":{"line":96,"column":30},"end":{"line":96,"column":34}},{"start":{"line":96,"column":38},"end":{"line":96,"column":75}},{"start":{"line":96,"column":79},"end":{"line":96,"column":89}}],"line":96},"16":{"loc":{"start":{"line":108,"column":25},"end":{"line":108,"column":75}},"type":"binary-expr","locations":[{"start":{"line":108,"column":25},"end":{"line":108,"column":49}},{"start":{"line":108,"column":53},"end":{"line":108,"column":75}}],"line":108},"17":{"loc":{"start":{"line":116,"column":22},"end":{"line":116,"column":84}},"type":"cond-expr","locations":[{"start":{"line":116,"column":61},"end":{"line":116,"column":75}},{"start":{"line":116,"column":78},"end":{"line":116,"column":84}}],"line":116},"18":{"loc":{"start":{"line":116,"column":22},"end":{"line":116,"column":58}},"type":"binary-expr","locations":[{"start":{"line":116,"column":22},"end":{"line":116,"column":36}},{"start":{"line":116,"column":40},"end":{"line":116,"column":58}}],"line":116},"19":{"loc":{"start":{"line":190,"column":2},"end":{"line":198,"column":3}},"type":"if","locations":[{"start":{"line":190,"column":2},"end":{"line":198,"column":3}},{"start":{},"end":{}}],"line":190},"20":{"loc":{"start":{"line":199,"column":2},"end":{"line":203,"column":3}},"type":"if","locations":[{"start":{"line":199,"column":2},"end":{"line":203,"column":3}},{"start":{},"end":{}}],"line":199},"21":{"loc":{"start":{"line":204,"column":2},"end":{"line":207,"column":3}},"type":"if","locations":[{"start":{"line":204,"column":2},"end":{"line":207,"column":3}},{"start":{},"end":{}}],"line":204},"22":{"loc":{"start":{"line":211,"column":2},"end":{"line":217,"column":3}},"type":"if","locations":[{"start":{"line":211,"column":2},"end":{"line":217,"column":3}},{"start":{},"end":{}}],"line":211},"23":{"loc":{"start":{"line":218,"column":2},"end":{"line":224,"column":3}},"type":"if","locations":[{"start":{"line":218,"column":2},"end":{"line":224,"column":3}},{"start":{},"end":{}}],"line":218},"24":{"loc":{"start":{"line":227,"column":2},"end":{"line":227,"column":45}},"type":"if","locations":[{"start":{"line":227,"column":2},"end":{"line":227,"column":45}},{"start":{},"end":{}}],"line":227},"25":{"loc":{"start":{"line":229,"column":27},"end":{"line":229,"column":75}},"type":"binary-expr","locations":[{"start":{"line":229,"column":27},"end":{"line":229,"column":46}},{"start":{"line":229,"column":50},"end":{"line":229,"column":75}}],"line":229},"26":{"loc":{"start":{"line":230,"column":28},"end":{"line":230,"column":76}},"type":"binary-expr","locations":[{"start":{"line":230,"column":28},"end":{"line":230,"column":47}},{"start":{"line":230,"column":51},"end":{"line":230,"column":76}}],"line":230},"27":{"loc":{"start":{"line":239,"column":8},"end":{"line":239,"column":39}},"type":"if","locations":[{"start":{"line":239,"column":8},"end":{"line":239,"column":39}},{"start":{},"end":{}}],"line":239},"28":{"loc":{"start":{"line":243,"column":10},"end":{"line":243,"column":60}},"type":"if","locations":[{"start":{"line":243,"column":10},"end":{"line":243,"column":60}},{"start":{},"end":{}}],"line":243},"29":{"loc":{"start":{"line":243,"column":14},"end":{"line":243,"column":51}},"type":"binary-expr","locations":[{"start":{"line":243,"column":14},"end":{"line":243,"column":32}},{"start":{"line":243,"column":36},"end":{"line":243,"column":51}}],"line":243},"30":{"loc":{"start":{"line":247,"column":12},"end":{"line":247,"column":40}},"type":"if","locations":[{"start":{"line":247,"column":12},"end":{"line":247,"column":40}},{"start":{},"end":{}}],"line":247},"31":{"loc":{"start":{"line":257,"column":8},"end":{"line":257,"column":40}},"type":"if","locations":[{"start":{"line":257,"column":8},"end":{"line":257,"column":40}},{"start":{},"end":{}}],"line":257},"32":{"loc":{"start":{"line":259,"column":8},"end":{"line":274,"column":9}},"type":"if","locations":[{"start":{"line":259,"column":8},"end":{"line":274,"column":9}},{"start":{},"end":{}}],"line":259},"33":{"loc":{"start":{"line":275,"column":8},"end":{"line":279,"column":9}},"type":"if","locations":[{"start":{"line":275,"column":8},"end":{"line":279,"column":9}},{"start":{},"end":{}}],"line":275},"34":{"loc":{"start":{"line":297,"column":2},"end":{"line":297,"column":37}},"type":"if","locations":[{"start":{"line":297,"column":2},"end":{"line":297,"column":37}},{"start":{},"end":{}}],"line":297},"35":{"loc":{"start":{"line":316,"column":28},"end":{"line":316,"column":49}},"type":"binary-expr","locations":[{"start":{"line":316,"column":28},"end":{"line":316,"column":41}},{"start":{"line":316,"column":45},"end":{"line":316,"column":49}}],"line":316},"36":{"loc":{"start":{"line":317,"column":16},"end":{"line":317,"column":27}},"type":"binary-expr","locations":[{"start":{"line":317,"column":16},"end":{"line":317,"column":22}},{"start":{"line":317,"column":26},"end":{"line":317,"column":27}}],"line":317},"37":{"loc":{"start":{"line":317,"column":32},"end":{"line":317,"column":43}},"type":"binary-expr","locations":[{"start":{"line":317,"column":32},"end":{"line":317,"column":38}},{"start":{"line":317,"column":42},"end":{"line":317,"column":43}}],"line":317},"38":{"loc":{"start":{"line":324,"column":2},"end":{"line":331,"column":3}},"type":"if","locations":[{"start":{"line":324,"column":2},"end":{"line":331,"column":3}},{"start":{},"end":{}}],"line":324},"39":{"loc":{"start":{"line":380,"column":4},"end":{"line":380,"column":46}},"type":"if","locations":[{"start":{"line":380,"column":4},"end":{"line":380,"column":46}},{"start":{},"end":{}}],"line":380},"40":{"loc":{"start":{"line":395,"column":2},"end":{"line":407,"column":3}},"type":"if","locations":[{"start":{"line":395,"column":2},"end":{"line":407,"column":3}},{"start":{},"end":{}}],"line":395},"41":{"loc":{"start":{"line":437,"column":30},"end":{"line":437,"column":42}},"type":"binary-expr","locations":[{"start":{"line":437,"column":30},"end":{"line":437,"column":34}},{"start":{"line":437,"column":38},"end":{"line":437,"column":42}}],"line":437},"42":{"loc":{"start":{"line":455,"column":2},"end":{"line":455,"column":25}},"type":"if","locations":[{"start":{"line":455,"column":2},"end":{"line":455,"column":25}},{"start":{},"end":{}}],"line":455},"43":{"loc":{"start":{"line":463,"column":19},"end":{"line":463,"column":85}},"type":"binary-expr","locations":[{"start":{"line":463,"column":19},"end":{"line":463,"column":79}},{"start":{"line":463,"column":83},"end":{"line":463,"column":85}}],"line":463},"44":{"loc":{"start":{"line":472,"column":2},"end":{"line":472,"column":27}},"type":"if","locations":[{"start":{"line":472,"column":2},"end":{"line":472,"column":27}},{"start":{},"end":{}}],"line":472},"45":{"loc":{"start":{"line":487,"column":4},"end":{"line":487,"column":34}},"type":"if","locations":[{"start":{"line":487,"column":4},"end":{"line":487,"column":34}},{"start":{},"end":{}}],"line":487},"46":{"loc":{"start":{"line":503,"column":2},"end":{"line":503,"column":57}},"type":"if","locations":[{"start":{"line":503,"column":2},"end":{"line":503,"column":57}},{"start":{},"end":{}}],"line":503},"47":{"loc":{"start":{"line":504,"column":2},"end":{"line":504,"column":55}},"type":"if","locations":[{"start":{"line":504,"column":2},"end":{"line":504,"column":55}},{"start":{},"end":{}}],"line":504},"48":{"loc":{"start":{"line":505,"column":25},"end":{"line":511,"column":8}},"type":"cond-expr","locations":[{"start":{"line":505,"column":35},"end":{"line":511,"column":3}},{"start":{"line":511,"column":6},"end":{"line":511,"column":8}}],"line":505},"49":{"loc":{"start":{"line":517,"column":24},"end":{"line":517,"column":57}},"type":"binary-expr","locations":[{"start":{"line":517,"column":24},"end":{"line":517,"column":34}},{"start":{"line":517,"column":38},"end":{"line":517,"column":57}}],"line":517},"50":{"loc":{"start":{"line":518,"column":14},"end":{"line":518,"column":50}},"type":"binary-expr","locations":[{"start":{"line":518,"column":14},"end":{"line":518,"column":36}},{"start":{"line":518,"column":40},"end":{"line":518,"column":50}}],"line":518},"51":{"loc":{"start":{"line":526,"column":11},"end":{"line":526,"column":58}},"type":"binary-expr","locations":[{"start":{"line":526,"column":11},"end":
[...]
2":0,"173":0,"174":0,"175":0,"176":0,"177":0,"178":0,"179":0,"180":0,"181":0,"182":0,"183":0,"184":0,"185":0,"186":0,"187":0,"188":0,"189":0,"190":0,"191":0,"192":0,"193":0,"194":0,"195":0,"196":0,"197":0,"198":0,"199":0,"200":0,"201":0,"202":0,"203":0,"204":0,"205":0,"206":0,"207":0,"208":0,"209":0,"210":0,"211":0,"212":0,"213":0,"214":0,"215":0,"216":1,"217":1,"218":1,"219":1,"220":1,"221":1,"222":1,"223":0,"224":1,"225":1,"226":1,"227":0,"228":0,"229":0,"230":0,"231":0,"232":1,"233":1},"f":{"0":32,"1":4,"2":1,"3":2,"4":3,"5":6,"6":0,"7":16,"8":3,"9":3,"10":0,"11":2,"12":4,"13":1,"14":2,"15":0,"16":0,"17":32,"18":0,"19":0,"20":0,"21":3,"22":0,"23":0,"24":0,"25":0,"26":0,"27":0,"28":1,"29":2,"30":0,"31":0,"32":3,"33":6,"34":1,"35":2,"36":0,"37":0,"38":1,"39":2,"40":0,"41":0,"42":0,"43":0,"44":0,"45":0,"46":1,"47":2,"48":0,"49":0,"50":0,"51":0,"52":1,"53":2,"54":0,"55":0,"56":1,"57":2,"58":0,"59":0,"60":0,"61":0,"62":0,"63":2,"64":0,"65":0,"66":0,"67":0,"68":0,"69":0,"70":0,"71":0,"72":0,"73":0,"74":0,"75":0,"76":0,"77":0,"78":0,"79":0,"80":0,"81":0,"82":0,"83":0,"84":0,"85":0,"86":0,"87":0,"88":0,"89":0,"90":0,"91":0,"92":0,"93":0,"94":0,"95":0,"96":1,"97":1,"98":0,"99":1,"100":1},"b":{"0":[32,32,32],"1":[4,0],"2":[0,0],"3":[3,0],"4":[0,3],"5":[0,3],"6":[0,0],"7":[1,2],"8":[0,4],"9":[2,2],"10":[0,1],"11":[1,1],"12":[0,0],"13":[0,0],"14":[0,0],"15":[0,0],"16":[0,0],"17":[0,0],"18":[0,32],"19":[32,12],"20":[0,32],"21":[6,0,2,14,4,2,2,2,0,0,0],"22":[0,0],"23":[3,0],"24":[3,3],"25":[0,0],"26":[0,0],"27":[0,0],"28":[0,0],"29":[0,32],"30":[32,0],"31":[0,0,0],"32":[0,0],"33":[32,6],"34":[32,0,0],"35":[32,2],"36":[32,14],"37":[32,4],"38":[0,0],"39":[32,2],"40":[32,2],"41":[32,2,2],"42":[0,0],"43":[32,0,0],"44":[0,0],"45":[0,0],"46":[0,0],"47":[0,0],"48":[0,0],"49":[0,0],"50":[0,0],"51":[0,0],"52":[32,0],"53":[0,0],"54":[32,32,6],"55":[32,26],"56":[32,0],"57":[0,0],"58":[1,0],"59":[1,0],"60":[1,1],"61":[0,1],"62":[0,0],"63":[0,0]},"inputSourceMap":{"version":3,"mappings":"AA6KQ;;AA7KR,OAAOA,SAASC,UAAUC,mBAAmB;AAC7C,SAASC,SAASC,eAAe;AACjC;AAAA,EACEC;AAAAA,EAEAC;AAAAA,EAEAC;AAAAA,OAIK;AACP,SAASC,uBAAuBC,oBAAoB;AACpD,SAASC,gBAAgB;AACzB,SAASC,cAAc;AACvB,SAASC,eAAeC,mBAAmB;AAC3C,SAASC,WAAWC,eAAe;AACnC,SAASC,iBAAiB;AAC1B,SAASC,qBAAqB;AAG9B,SAASC,kBAAkB;AAC3B,SAASC,wBAAwB;AACjC,SAASC,4BAA4B;AACrC,SAASC,4BAA4B;AACrC,SAASC,qBAAqB;AAC9B,SAASC,2BAA2B;AACpC,SAASC,yBAAyB;AAClC,SAASC,oBAAoB;AAC7B,SAASC,oBAAoB;AAC7B,SAASC,wBAAwB;AACjC,SAASC,uBAAuB;AAChC,SAASC,YAAY;AAGrB,wBAAwBC,MAAM;AAAAC,KAAA;AAC5B,QAAM,EAAEC,UAAUC,aAAaC,MAAMC,UAAU,IAAIhC,QAAQ;AAC3D,QAAM,EAAEiC,QAAQ,IAAIhC,QAAQ;AAG5B,QAAMiC,WAAWC,YAAYC,IAAIC,OAAOC,WAAWC,WAAWC,UAAa,IAAIC,gBAAgBH,WAAWI,SAASC,MAAM,EAAEC,IAAI,WAAW,MAAM;AAEhJ,QAAMb,OAAOlC,MAAMgD,QAAQ,MAAM;AAC/B,QAAIX,SAAU,QAAO,EAAEY,IAAI,aAAaC,OAAO,uBAAuB;AACtE,QAAIf,UAAW,QAAO,EAAEc,IAAId,UAAUc,IAAIC,OAAOf,UAAUgB,qBAAqBC,aAAa;AAC7F,WAAO;AAAA,EACT,GAAG,CAACf,UAAUF,SAAS,CAAC;AAIxB,QAAM,CAACkB,OAAOC,QAAQ,IAAIrD,SAAsBK,aAAa;AAC7D,QAAM,CAACiD,kBAAkBC,mBAAmB,IAAIvD,SAAS,KAAK;AAC9D,QAAM,CAACwD,UAAUC,WAAW,IAAIzD,SAAS,KAAK;AAC9C,QAAM,CAAC0D,YAAYC,aAAa,IAAI3D,SAAS,KAAK;AAClD,QAAM,CAAC4D,SAASC,UAAU,IAAI7D,SAAoD,IAAI;AACtF,QAAM,CAAC8D,YAAYC,aAAa,IAAI/D,SAA+B,IAAI;AACvE,QAAM,EAAEgE,EAAE,IAAIhD,cAAc;AAG5B,QAAMiD,UAAUhE,YAAY,CAACiE,QAAgBC,WAAmB;AAC9Dd,aAAS,CAAAe,OAAM,EAAE,GAAGA,GAAGC,IAAID,EAAEC,KAAKH,OAAO,EAAE;AAC3CL,eAAW,EAAEK,QAAQC,OAAO,CAAC;AAAA,EAC/B,GAAG,EAAE;AAGLpE,QAAMuE,UAAU,MAAM;AACpB,QAAIrC,MAAM;AACRoB,eAAS,CAAAe,OAAM,EAAE,GAAGA,GAAGG,QAAQtC,KAAKe,GAAG,EAAE;AAAA,IAC3C,OAAO;AACLK,eAAS,CAAAe,OAAM,EAAE,GAAGA,GAAGG,QAAQ,MAAMC,SAAS,KAAK,EAAE;AAAA,IACvD;AAAA,EACF,GAAG,CAACvC,IAAI,CAAC;AAGTlC,QAAMuE,UAAU,MAAM;AACpB9D,iBAAa4C,KAAK;AAAA,EACpB,GAAG,CAACA,KAAK,CAAC;AAGVrD,QAAMuE,UAAU,MAAM;AACpB,QAAI,CAACrC,KAAM;AACX,KAAC,YAAY;AACX,UAAI;AACF,cAAMwC,MAAM,MAAMhE,SAAS,mBAAmB,EAAEiE,SAAS,EAAE,mBAAmBzC,KAAKe,GAAG,EAAE,CAAC;AACzF,YAAIyB,IAAIE,IAAI;AACV,gBAAMH,UAAU,MAAMC,IAAIG,KAAK;AAC/BvB,mBAAS,CAAAe,OAAM,EAAE,GAAGA,GAAGI,SAASA,QAAQK,QAAQL,QAAQ,EAAE;AAC1D;AAAA,QACF;AAAA,MACF,QAAQ;AAAA,MAAE;AACV,UAAI;AACF,cAAMM,SAASC,aAAaC,QAAQ,WAAW/C,KAAKe,EAAE,EAAE;AACxD,YAAI8B,QAAQ;AACVzB,mBAAS,CAAAe,OAAM,EAAE,GAAGA,GAAGI,SAASS,KAAKC,MAAMJ,MAAM,EAAE,EAAE;AACrD;AAAA,QACF;AAAA,MACF,QAAQ;AAAA,MAAE;AAEVzB,eAAS,CAAAe,MAAK;AACZ,YAAIA,EAAEe,iBAAiB/E,MAAMgF,QAAS,QAAOhB;AAC7C,YAAIA,EAAEe,iBAAiB/E,MAAMiF,YAAa,QAAOjB;AACjD,eAAO,EAAE,GAAGA,GAAGe,cAAc/E,MAAMiF,YAAY;AAAA,MACjD,CAAC;AAAA,IACH,GAAG;AAAA,EACL,GAAG,CAACpD,IAAI,CAAC;AAET,QAAMqD,4BAA4B,OAAOd,YAA6B;AACpE,QAAI,CAACvC,KAAM;AACX,UAAMsD,YAAYnC,MAAMoB,SAASxB,MAAMwC,OAAOC,WAAW;AACzD,UAAMC,cAAc,EAAE,GAAGlB,SAASxB,IAAIuC,WAAWhB,QAAQtC,KAAKe,GAAG;AAEjE,QAAI;AACF,YAAMvC,SAAS,mBAAmB;AAAA,QAChCkF,QAAQ;AAAA,QACRjB,SAAS,EAAE,gBAAgB,oBAAoB,mBAAmBzC,KAAKe,GAAG;AAAA,QAC1E4C,MAAMX,KAAKY,UAAU,EAAEhB,MAAMa,YAAY,CAAC;AAAA,MAC5C,CAAC;AAAA,IACH,QAAQ;AAAA,IAAE;AACVX,iBAAae,QAAQ,WAAW7D,KAAKe,EAAE,IAAIiC,KAAKY,UAAUH,WAAW,CAAC;AACtErC,aAAS,CAAAe,OAAM,EAAE,GAAGA,GAAGI,SAASkB,aAAaP,cAAc/E,MAAM2F,MAAM,EAAE;AACzE9B,YAAQlD,UAAUiF,sBAAsBhC,EAAEiC,cAAc;AAAA,EAC1D;AAEA,QAAMC,aAAa,OAAOC,iBAA8B;AACtD1C,gBAAY,IAAI;AAChB,QAAI,CAACxB,MAAM;AACTvB,aAAO0F,MAAM,QAAQ,uBAAuB;AAC5C3C,kBAAY,KAAK;AACjB;AAAA,IACF;AAEA,UAAM4C,YAAYF,aAAanD,MAAMwC,OAAOC,WAAW;AACvD/E,WAAO4F,KAAK,QAAQ,4BAA4BD,SAAS,cAAcpE,KAAKe,EAAE,EAAE;AAEhF,QAAI;AACF,YAAMuD,WAAW;AAAA,QACf,GAAGJ;AAAAA,QACHnD,IAAIqD;AAAAA,QACJ9B,QAAQtC,KAAKe;AAAAA,QACbwD,WAAWC,KAAKC,IAAI;AAAA,MACtB;AAEA,UAAI;AACF,cAAMjG,SAAS,oBAAoB;AAAA,UACjCkF,QAAQ;AAAA,UACRjB,SAAS,EAAE,gBAAgB,oBAAoB,mBAAmBzC,KAAKe,GAAG;AAAA,UAC1E4C,MAAMX,KAAKY,UAAU;AAAA,YACnB7C,IAAIqD;AAAAA,YACJxB,MAAM0B;AAAAA,YACNI,SAASR,aAAaQ,WAAW;AAAA,YACjCC,WAAWT,aAAaS,aAAa;AAAA,UACvC,CAAC;AAAA,QACH,CAAC;AAAA,MACH,QAAQ;AAAA,MAAE;AAEV7B,mBAAae,QAAQ,WAAWO,SAAS,IAAIpB,KAAKY,UAAUU,QAAQ,CAAC;AACrE,YAAMM,WAAW,kBAAkB5E,KAAKe,EAAE;AAC1C,YAAM8D,QAAkB7B,KAAKC,MAAMH,aAAaC,QAAQ6B,QAAQ,KAAK,IAAI;AACzE,UAAI,CAACC,MAAMC,SAASV,SAAS,GAAG;AAC9BS,cAAME,KAAKX,SAAS;AACpBtB,qBAAae,QAAQe,UAAU5B,KAAKY,UAAUiB,KAAK,CAAC;AAAA,MACtD;AACApG,aAAO4F,KAAK,QAAQ,iBAAiB;AACrCjD,eAAS,CAAAe,OAAM,EAAE,GAAGA,GAAGpB,IAAIqD,UAAU,EAAE;AAAA,IACzC,SAASY,KAAU;AACjBvG,aAAO0F,MAAM,QAAQ,gBAAgBa,IAAIC,OAAO;AAAA,IAClD;AACAzD,gBAAY,KAAK;AAAA,EACnB;AAEA,MAAK,CAACzB,eAAe,CAACI,UAAW;AAC/B,WACE,uBAAC,SAAI,WAAU,yDACb,iCAAC,mBAAD;AAAA;AAAA;AAAA;AAAA,WAAc,KADhB;AAAA;AAAA;AAAA;AAAA,WAEA;AAAA,EAEJ;AAEA,MAAI,CAACH,MAAM;AACT,WAAO,uBAAC,SAAI,WAAU,kCAAiC,iCAAC,kBAAD;AAAA;AAAA;AAAA;AAAA,WAAa,KAA7D;AAAA;AAAA;AAAA;AAAA,WAAgE;AAAA,EACzE;AAEA,QAAMkF,cAAcA,MAAM;AACxB,YAAQ/D,MAAM+B,cAAY;AAAA,MACxB,KAAK/E,MAAM2F;AAAO,eAAO;AAAA,MACzB,KAAK3F,MAAMgF;AAAS,eAAO;AAAA,MAC3B,KAAKhF,MAAMiF;AAAa,eAAO;AAAA,MAC/B,KAAKjF,MAAMgH;AAAc,eAAO;AAAA,MAChC,KAAKhH,MAAMiH;AAAkB,eAAO;AAAA,MACpC,KAAKjH,MAAMkH;AAAkB,eAAO;AAAA,MACpC,KAAKlH,MAAMmH;AAAW,eAAO;AAAA,MAC7B,KAAKnH,MAAMoH;AAAiB,eAAO;AAAA,MACnC,KAAKpH,MAAMqH;AAAc,eAAO;AAAA,MAChC,KAAKrH,MAAMsH;AAAkB,eAAO;AAAA,MACpC;AAAS,eAAO;AAAA,IAClB;AAAA,EACF;AAEA,QAAMC,mBAAmBA,CAAC3E,IAAY4E,GAAWC,MAAc;AAC7DxE,aAAS,CAAAe,OAAM;AAAA,MACb,GAAGA;AAAAA,MACH0D,QAAQ1D,EAAE0D,OAAOC,IAAI,CAAAC,MAAKA,EAAEhF,OAAOA,KAAK,EAAE,GAAGgF,GAAGJ,GAAGC,GAAGI,UAAUC,YAAYN,GAAGC,CAAC,EAAE,IAAIG,CAAC;AAAA,IACzF,EAAE;AAAA,EACJ;AAEA,QAAME,cAAcA,CAACN,GAAWC,MAAwB;AACtD,QAAID,IAAI,KAAKC,IAAI,EAAG,QAAOvH,SAAS6H;AACpC,QAAIP,IAAI,KAAKC,KAAK,EAAG,QAAOvH,SAAS8H;AACrC,QAAIR,KAAK,KAAKC,IAAI,EAAG,QAAOvH,SAAS+H;AACrC,WAAO/H,SAASgI;AAAAA,EAClB;AAEA,SACE,uBAAC,SAAI,WAAU,0EACb;AAAA,2BAAC,SAAI,WAAU,sDACb;AAAA,6BAAC,SAAI,WAAU,YACb;AAAA;AAAA,UAAC;AAAA;AAAA,YACC,SAAS,MAAM3E,cAAc,CAACD,UAAU;AAAA,YACxC,WAAU;AAAA,YAAuK;AAAA;AAAA,cAE1KzB,KAAKgB;AAAAA,cACZ,uBAAC,UAAK,WAAW,6CAA6CS,aAAa,eAAe,EAAE,IAAI,iBAAhG;AAAA;AAAA;AAAA;AAAA,qBAAiG;AAAA;AAAA;AAAA,UALnG;AAAA;AAAA;AAAA;AAAA;AAAA;AAAA;AAAA;AAAA,QAMA;AAAA,QAECA,cACC,uBAAC,SAAI,WAAU,4IACZzB;AAAAA,kBAAQmB,MAAM+B,iBAAiB/E,MAAMgF,WACpC;AAAA,YAAC;AAAA;AAAA,cACC,SAAS,MAAM;AACb/B,yBAAS,CAAAe,OAAM,EAAE,GAAGA,GAAGe,cAAc/E,MAAMgF,QAAQ,EAAE;AACrDzB,8BAAc,KAAK;AAAA,cACrB;AAAA,cACA,WAAU;AAAA,cAETK,YAAEuE;AAAAA;AAAAA,YAPL;AAAA;AAAA;AAAA;AAAA;AAAA;AAAA;AAAA;AAAA,UAQA;AAAA,UAGDtG,QACC;AAAA,YAAC;AAAA;AAAA,cACC,SAAS,MAAM;AACboB,yBAAS,CAAAe,OAAM,EAAE,GAAGA,GAAGe,cAAc/E,MAAMiF,YAAY,EAAE;AACzD1B,8BAAc,KAAK;AAAA,cACrB;AAAA,cACA,WAAU;AAAA,cAETK,YAAEwE;AAAAA;AAAAA,YAPL;AAAA;AAAA;AAAA;AAAA;AAAA;AAAA;AAAA;AAAA,UAQA;AAAA,UAGF;AAAA,YAAC;AAAA;AAAA,cACC,SAAS,MAAM;AACbrG,wBAAQ;AACRwB,8BAAc,KAAK;AAAA,cACrB;AAAA,cACA,WAAU;AAAA,cAETK,YAAEyE;AAAAA;AAAAA,YAPL;AAAA;AAAA;AAAA;AAAA;AAAA;AAAA;AAAA;AAAA,UAQA;AAAA,aAjCF;AAAA;AAAA;AAAA;AAAA,eAkCA;AAAA,WA5CJ;AAAA;AAAA;AAAA;AAAA,aA8CA;AAAA,MACA,uBAAC,aAAU,IAAIrF,MAAMiB,MAArB;AAAA;AAAA;AAAA;AAAA,aAAwB;AAAA,SAhD1B;AAAA;AAAA;AAAA;AAAA,WAiDA;AAAA,IAEA,uBAAC,eAAY,SAAS8C,YAAY,GAAG,OAAO,OAA5C;AAAA;AAAA;AAAA;AAAA,WAAgD;AAAA,IAEhD,uBAAC,UAAK,WAAU,yCACb/D;AAAAA,YAAM+B,iBAAiB/E,MAAM2F,SAC5B,uBAAC,cAAW,SAAS,CAAC2C,SAASrF,SAAS,CAAAe,OAAM,EAAE,GAAGA,GAAGuE,YAAYD,MAAMvD,cAAc/E,MAAMgH,aAAa,EAAE,KAA3G;AAAA;AAAA;AAAA;AAAA,aAA6G;AAAA,MAG9GhE,MAAM+B,iBAAiB/E,MAAMgF,WAAWnD,QACvC;AAAA,QAAC;AAAA;AAAA,UACC,QAAQA,KAAKe;AAAAA,UACb,UAAU,CAAC4F,gBAAgBvF,SAAS,EAAE,GAAGuF,aAAarE,QAAQtC,KAAKe,IAAIwB,SAASpB,MAAMoB,QAAQ,CAAC;AAAA,UAC/F,OAAO,MAAMnB,SAAS,EAAE,GAAGhD,eAAekE,QAAQtC,KAAKe,IAAIwB,SAASpB,MAAMoB,SAASW,cAAc/E,MAAM2F,MAAM,CAAC;AAAA;AAAA,QAHhH;AAAA;AAAA;AAAA;AAAA;AAAA;AAAA;AAAA;AAAA,MAGkH;AAAA,MAInH3C,MAAM+B,iBAAiB/E,MAAMiF,eAC5B;AAAA,QAAC;AAAA;AAAA,UACC,gBAAgBjC,MAAMoB;AAAAA,UACtB,YAAYc;AAAAA;AAAAA,QAFd;AAAA;AAAA;AAAA;AAAA;AAAA;AAAA;AAAA;AAAA,MAEwC;AAAA,MAIzClC,MAAM+B,iBAAiB/E,MAAMgH,gBAC5B;AAAA,QAAC;AAAA;AAAA,UACC,OAAOhE,MAAM0E;AAAAA,UACb,SAAS1E,MAAMoB;AAAAA,UACf,WAAW,CAACqE,MAAMjB,GAAGC,MAAM;AACzB,kBAAMiB,UAAsB;AAAA,cAC1B9F,IAAIwC,OAAOC,WAAW;AAAA,cACtBoD;AAAAA,cACAjB;AAAAA,cACAC;AAAAA,cACAI,UAAUC,YAAYN,GAAGC,CAAC;AAAA,YAC5B;AACAxE,qBAAS,CAAAe,OAAM,EAAE,GAAGA,GAAG0D,QAAQ,CAAC,GAAG1D,EAAE0D,QAAQgB,OAAO,EAAE,EAAE;AAAA,UAC1D;AAAA,UACA,cAAcnB;AAAAA,UACd,QAAQ,MAAMtE,SAAS,CAAAe,OAAM,EAAE,GAAGA,GAAGe,cAAc/E,MAAMiH,iBAAiB,EAAE;AAAA,UAC5E,QAAQ,MAAMhE,SAAS,CAAAe,OAAM,EAAE,GAAGA,GAAGe,cAAc/E,MAAM2F,MAAM,EAAE;AAAA;AAAA,QAfnE;AAAA;AAAA;AAAA;AAAA;AAAA;AAAA;AAAA;AAAA,MAeqE;AAAA,MAItE3C,MAAM+B,iBAAiB/E,MAAMiH,oBAC5B;AAAA,QAAC;AAAA;AAAA,UACC,QAAQjE,MAAM0E;AAAAA,UACd,oBAAoB,CAACiB,eAAe1F,SAAS,CAAAe,OAAM,EAAE,GAAGA,GAAG2E,WAAW,EAAE;AAAA,UACxE,eAAe,CAACC,QAAQ3F,SAAS,CAAAe,OAAM;AAAA,YACrC,GAAGA;AAAAA,YACH0D,QAAQ1D,EAAE0D,OAAOmB,OAAO,CAAAC,MAAK,CAACF,IAAIjC,SAASmC,EAAElG,EAAE,CAAC;AAAA,UAClD,EAAE;AAAA,UACF,cAAc,CAACA,IAAImG,YAAY9F,SAAS,CAAAe,OAAM;AAAA,YAC5C,GAAGA;AAAAA,YACH0D,QAAQ1D,EAAE0D,OAAOC,IAAI,CAAAmB,MAAKA,EAAElG,OAAOA,KAAK,EAAE,GAAGkG,GAAGL,MAAMM,QAAQ,IAAID,CAAC;AAAA,UACrE,EAAE;AAAA,UACF,QAAQ,MAAM7F,SAAS,CAAAe,OAAM,EAAE,GAAGA,GAAGe,cAAc/E,MAAMkH,iBAAiB,EAAE;AAAA,UAC5E,QAAQ,MAAMjE,SAAS,CAAAe,OAAM,EAAE,GAAGA,GAAGe,cAAc/E,MAAMgH,aAAa,EAAE;AAAA;AAAA,QAZ1E;AAAA;AAAA;AAAA;AAAA;AAAA;AAAA;AAAA;AAAA,MAY4E;AAAA,MAI7EhE,MAAM+B,iBAAiB/E,MAAMkH,oBAC5B;AAAA,QAAC;AAAA;AAAA,UACC,YAAYlE,MAAM2F;AAAAA,UAClB,mBAAmB,CAACA,eAAe1F,SAAS,CAAAe,OAAM,EAAE,GAAGA,GAAG2E,WAAW,EAAE;AAAA,UACvE,QAAQ,MAAM1F,SAAS,CAAAe,OAAM,EAAE,GAAGA,GAAGe,cAAc/E,MAAMmH,UAAU,EAAE;AAAA,UACrE,QAAQ,MAAMlE,SAAS,CAAAe,OAAM,EAAE,GAAGA,GAAGe,cAAc/E,MAAMiH,iBAAiB,EAAE;AAAA;AAAA,QAJ9E;AAAA;AAAA;AAAA;AAAA;AAAA;AAAA;AAAA;AAAA,MAIgF;AAAA,MAIjFjE,MAAM+B,iBAAiB/E,MAAMmH,aAC5B;AAAA,QAAC;AAAA;AAAA,UACC,YAAYnE,MAAM2F;AAAAA,UAClB,QAAQ,CAAC/F,OAAOK,SAAS,CAAAe,OAAM,EAAE,GAAGA,GAAGgF,gBAAgBpG,IAAImC,cAAc/E,MAAMoH,gBAAgB,EAAE;AAAA,UACjG,QAAQ,CAACxE,OAAOK,SAAS,CAAAe,OAAM,EAAE,GAAGA,GAAG2E,YAAY3E,EAAE2E,WAAWE,OAAO,CAAAI,MAAKA,EAAErG,OAAOA,EAAE,EAAE,EAAE;AAAA,UAC3F,QAAQ,MAAMK,SAAS,CAAAe,OAAM,EAAE,GAAGA,GAAGe,cAAc/E,MAAMkH,iBAAiB,EAAE;AAAA;AAAA,QAJ9E;AAAA;AAAA;AAAA;AAAA;AAAA;AAAA;AAAA;AAAA,MAIgF;AAAA,MAIjFlE,MAAM+B,iBAAiB/E,MAAMoH,mBAAmBpE,MAAMgG,kBACrD;AAAA,QAAC;AAAA;AAAA,UACC,MAAMhG,MAAM2F,WAAWO,KAAK,CAAAD,MAAKA,EAAErG,OAAOI,MAAMgG,cAAc;AAAA,UAC9D,SAAShG,MAAMoB;AAAAA,UACf,YAAY,CAAC+E,QAAQlG,SAAS,CAAAe,OAAM,EAAE,GAAGA,GAAGoF,eAAeD,KAAKpE,cAAc/E,MAAMqH,aAAa,EAAE;AAAA,UACnG,QAAQ,MAAM;AACZ,gBAAIrE,MAAMqG,WAAW;AACnBpG,uBAAS,CAAAe,OAAM,EAAE,GAAGA,GAAGe,cAAc/E,MAAMqH,aAAa,EAAE;AAAA,YAC5D,OAAO;AACLpE,uBAAS,CAAAe,OAAM,EAAE,GAAGA,GAAGe,cAAc/E,MAAMmH,UAAU,EAAE;AAAA,YACzD;AAAA,UACF;AAAA;AAAA,QAVF;AAAA;AAAA;AAAA;AAAA;AAAA;AAAA;AAAA;AAAA,MAUI;AAAA,MAILnE,MAAM+B,iBAAiB/E,MAAMqH,gBAAgBrE,MAAMgG,kBAClD;AAAA,QAAC;AAAA;AAAA,UACC,MAAMhG,MAAM2F,WAAWO,KAAK,CAAAD,MAAKA,EAAErG,OAAOI,MAAMgG,cAAc,KAAK;AAAA,UACnE,MAAMhG,MAAMqG;AAAAA,UACZ,YAAYrG,MAAMuF;AAAAA,UAClB,SAASvF,MAAMoB;AAAAA,UACf,eAAepB,MAAMoG;AAAAA,UACrB,cAAclG;AAAAA,UACd;AAAA,UACA,aAAaF,MAAMwD;AAAAA,UACnB,SAASxD,MAAMuD;AAAAA,UACf,gBAAgB,YAAY;AAC1BpD,gCAAoB,IAAI;AACxB,kBAAMmG,OAAOtG,MAAM2F,WAAWO,KAAK,CAAAD,MAAKA,EAAErG,OAAOI,MAAMgG,cAAc;AACrE,gBAAIM,MAAM;AACR,oBAAMC,OAAO,MAAMpJ;AAAAA,gBACjBmJ,KAAKE;AAAAA,gBACLF,KAAKG;AAAAA,gBACLzG,MAAMuF;AAAAA,gBACNvF,MAAMoB,WAAW9B;AAAAA,cACnB;AACA,oBAAMoH,WAAW,EAAE,GAAG1G,OAAOqG,WAAWE,KAAK;AAC7CtG,uBAASyG,QAAQ;AAAA,YACnB;AACAvG,gCAAoB,KAAK;AAAA,UAC3B;AAAA,UACA,cAAc,CAACwG,YAAY1G,SAAS,CAAAe,OAAM,EAAE,GAAGA,GAAGqF,WAAWM,QAAQ,EAAE;AAAA,UACvE,QAAQ,MAAM7D,WAAW9C,KAAK;AAAA,UAC9B,oBAAoB,MAAMC,SAAS,CAAAe,OAAM,EAAE,GAAGA,GAAGe,cAAc/E,MAAMoH,gBAAgB,EAAE;AAAA,UACvF,YAAY,MAAM;AAChB,kBAAMwC,cAAc5G,MAAMuD,WAAW,KAAK;AAC1C,kBAAMsD,WAA4B;AAAA,cAChCtD,SAASqD;AAAAA,cACTE,aAAazD,KAAKC,IAAI;AAAA,cACtBtD,OAAO,EAAE,GAAGA,OAAOwD,WAAW,MAAMD,SAASqD,YAAYE,aAAazD,KAAKC,IAAI,EAAE;AAAA,YACnF;AAEA,kBAAMyD,aAAa,mBAAmB/G,MAAMJ,MAAM,OAAO;AACzD,kBAAMoH,WAAWnF,KAAKC,MAAMH,aAAaC,QAAQmF,UAAU,KAAK,IAAI;AACpEC,qBAASpD,KAAKiD,QAAQ;AACtBlF,yBAAae,QAAQqE,YAAYlF,KAAKY,UAAUuE,QAAQ,CAAC;AAEzD/G,qBAAS,CAAAe,OAAM,EAAE,GAAGA,GAAGwC,WAAW,MAAMD,SAASqD,YAAYE,aAAazD,KAAKC,IAAI,EAAE,EAAE;AACvFR,uBAAW,EAAE,GAAG9C,OAAOwD,WAAW,MAAMD,SAASqD,YAAYE,aAAazD,KAAKC,IAAI,EAAE,CAAC;AACtFzC,oBAAQlD,UAAUsJ,mBAAmBrG,EAAEsG,YAAY;AAAA,UACrD;AAAA,UACA,eAAe,MAAM;AACnB,kBAAMC,eAAenH,MAAMuD,WAAW,KAAK;AAC3CtD,qBAAS,CAAAe,OAAM,EAAE,GAAGA,GAAGwC,WAAW,OAAOD,SAAS4D,aAAaL,aAAaxH,OAAU,EAAE;AAAA,UAC1F;AAAA,UACA,QAAQ,MAAM;AACZ,gBAAIU,MAAMoG,eAAe;AACvBnG,uBAAS,CAAAe,OAAM,EAAE,GAAGA,GAAGe,cAAc/E,MAAMoH,gBAAgB,EAAE;AAAA,YAC/D,OAAO;AACLnE,uBAAS,CAAAe,OAAM,EAAE,GAAGA,GAAGe,cAAc/E,MAAMmH,UAAU,EAAE;AAAA,YACzD;AAAA,UACF;AAAA;AAAA,QAvDF;AAAA;AAAA;AAAA;AAAA;AAAA;AAAA;AAAA;AAAA,MAuDI;AAAA,MAILnE,MAAM+B,iBAAiB/E,MAAMsH,oBAC5B;AAAA,QAAC;AAAA;AAAA,UACC,MAAMtE,MAAM2F,WAAWO,KAAK,CAAAD,MAAKA,EAAErG,OAAOI,MAAMgG,cAAc,KAAK;AAAA,UACnE,eAAehG,MAAMoG;AAAAA,UACrB,SAASpG,MAAMoB;AAAAA,UACf,WAAWpB,MAAMqG;AAAAA,UACjB,QAAQ,MAAMpG,SAAS,CAAAe,OAAM,EAAE,GAAGA,GAAGe,cAAc/E,MAAMqH,aAAa,EAAE;AAAA,UACxE,WAAW,MAAMpE,SAAS,CAAAe,OAAM,EAAE,GAAGA,GAAGe,cAAc/E,MAAMgH,aAAa,EAAE;AAAA;AAAA,QAN7E;AAAA;AAAA;AAAA;AAAA;AAAA;AAAA;AAAA;AAAA,MAM+E;AAAA,SA7JnF;AAAA;AAAA;AAAA;AAAA,WAgKA;AAAA,IAECnF,QAAQmB,MAAM+B,iBAAiB/E,MAAM2F,SACpC,uBAAC,YAAO,WAAU,6EAChB;AAAA,MAAC;AAAA;AAAA,QACC,SAAS,MAAM1C,SAAS,CAAAe,OAAM,EAAE,GAAGA,GAAGe,cAAc/E,MAAMgF,QAAQ,EAAE;AAAA,QACpE,WAAU;AAAA,QAETpB,YAAEwG;AAAAA;AAAAA,MAJL;AAAA;AAAA;AAAA;AAAA;AAAA;AAAA;AAAA;AAAA,IAKA,KANF;AAAA;AAAA;AAAA;AAAA,WAOA;AAAA,IAID5G,WACC;AAAA,MAAC;AAAA;AAAA,QACC,QAAQA,QAAQM;AAAAA,QAChB,QAAQN,QAAQO;AAAAA,QAChB,QAAQ,MAAMN,WAAW,IAAI;AAAA;AAAA,MAH/B;AAAA;AAAA;AAAA;AAAA;AAAA;AAAA;AAAA;AAAA,IAGiC;AAAA,IAKlCC,cACC;AAAA,MAAC;AAAA;AAAA,QACC,MAAMA;AAAAA,QACN,gBAAgB,CAAC2G,WAAW;AAC1BpH,mBAAS,CAAAe,OAAM;AAAA,YACb,GAAGA;AAAAA,YACH2E,YAAY3E,EAAE2E,WAAWE,OAAO,CAAAI,MAAKA,EAAErG,OAAOyH,MAAM;AAAA,YACpDrB,gBAAgBhF,EAAEgF,mBAAmBqB,SAAS,OAAOrG,EAAEgF;AAAAA,UACzD,EAAE;AACFrF,wBAAc,IAAI;AAClBE,kBAAQ,KAAKD,EAAE0G,SAAS;AAAA,QAC1B;AAAA,QACA,UAAU,MAAM3G,cAAc,IAAI;AAAA;AAAA,MAXpC;AAAA;AAAA;AAAA;AAAA;AAAA;AAAA;AAAA;AAAA,IAWsC;AAAA,OAzP1C;AAAA;AAAA;AAAA;AAAA,SA4PA;AAEJ;AAACjC,GAhbuBD,KAAG;AAAA,UAC0B3B,SAC/BC,SAmBNa,aAAa;AAAA;AAAA2J,KArBL9I;AAAG,IAAA8I;AAAAC,aAAAD,IAAA","names":["React","useState","useCallback","useUser","useAuth","Phase","INITIAL_STATE","Quadrant","generatePilotProtocol","updateCortex","apiFetch","logger","LoadingRitual","ProgressBar","RankBadge","XpToast","XP_AWARDS","useVernacular","IntroPhase","ArmoryAuditPhase","ToolCompressionPhase","EvidenceScoringPhase","ToolLockPhase","ValueChemistryPhase","InstallationPhase","AuthTerminal","ArchivePhase","CalibrationPhase","RitualDashboard","Pyre","App","_s","isLoaded","clerkLoaded","user","clerkUser","signOut","isBypass","import","env","DEV","globalThis","window","undefined","URLSearchParams","location","search","get","useMemo","id","email","primaryEmailAddress","emailAddress","state","setState","isGeneratingPlan","setIsGeneratingPlan","isSaving","setIsSaving","isMenuOpen","setIsMenuOpen","xpToast","setXpToast","pyreTarget","setPyreTarget","v","awardXp","amount","reason","s","xp","useEffect","userId","profile","res","headers","ok","json","data","stored","localStorage","getItem","JSON","parse","currentPhase","ARCHIVE","CALIBRATION","handleCalibrationComplete","profileId","crypto","randomUUID","fullProfile","method","body","stringify","setItem","INTRO","CALIBRATION_COMPLETE","xp_calibration","handleSave","currentState","error","sessionId","info","saveData","updatedAt","Date","now","version","finalized","indexKey","index","includes","push","err","message","getProgress","ARMORY_AUDIT","TOOL_COMPRESSION","EVIDENCE_SCORING","TOOL_LOCK","VALUE_SYNTHESIS","INSTALLATION","RITUAL_DASHBOARD","handleUpdateItem","x","y","armory","map","i","quadrant","getQuadrant","RITUAL","MISCHIEF","CRAFT","SANDBOX","menu_archive","menu_calibrate","menu_logout","name","clientName","loadedState","verb","newItem","candidates","ids","filter","a","newName","selectedToolId","c","find","tov","theoryOfValue","pilotPlan","tool","plan","plainName","functionStatement","newState","newPlan","newVersion","snapshot","finalizedAt","historyKey","existing","DOSSIER_FINALIZED","xp_finalized","nextVersion","footer_archive_link","toolId","xp_burned","_c","$RefreshReg$"],"ignoreList":[],"sources":["/Users/ramajjohnson/TTE/App.tsx"],"file":"/Users/ramajjohnson/TTE/App.tsx"},"_coverageSchema":"1a1c01bbd47fc00a2c39e90264f33305004495a9","hash":"f10b932dd9a299971398ec0b5a3b4cc0edda9869"},"/Users/ramajjohnson/TTE/index.tsx":{"path":"/Users/ramajjohnson/TTE/index.tsx","statementMap":{"0":{"start":{"line":7,"column":18},"end":{"line":7,"column":60}},"1":{"start":{"line":8,"column":0},"end":{"line":10,"column":1}},"2":{"start":{"line":9,"column":2},"end":{"line":9,"column":64}},"3":{"start":{"line":11,"column":20},"end":{"line":11,"column":51}},"4":{"start":{"line":12,"column":0},"end":{"line":14,"column":1}},"5":{"start":{"line":13,"column":2},"end":{"line":13,"column":61}},"6":{"start":{"line":15,"column":13},"end":{"line":15,"column":45}},"7":{"start":{"line":16,"column":0},"end":{"line":34,"column":2}}},"fnMap":{},"branchMap":{"0":{"loc":{"start":{"line":8,"column":0},"end":{"line":10,"column":1}},"type":"if","locations":[{"start":{"line":8,"column":0},"end":{"line":10,"column":1}},{"start":{},"end":{}}],"line":8},"1":{"loc":{"start":{"line":12,"column":0},"end":{"line":14,"column":1}},"type":"if","locations":[{"start":{"line":12,"column":0},"end":{"line":14,"column":1}},{"start":{},"end":{}}],"line":12}},"s":{"0":1,"1":1,"2":0,"3":1,"4":1,"5":0,"6":1,"7":1},"f":{},"b":{"0":[0,1],"1":[0,1]},"inputSourceMap":{"version":3,"mappings":"AAsBQ;AAtBR,OAAOA,WAAW;AAClB,OAAOC,cAAc;AACrB,SAASC,qBAAqB;AAC9B,SAASC,0BAA0B;AACnC,OAAOC,SAAS;AAEhB,MAAMC,YAAYC,YAAYC,IAAIC;AAElC,IAAI,CAACH,WAAW;AACd,QAAM,IAAII,MAAM,4CAA4C;AAC9D;AAEA,MAAMC,cAAcC,SAASC,eAAe,MAAM;AAClD,IAAI,CAACF,aAAa;AAChB,QAAM,IAAID,MAAM,yCAAyC;AAC3D;AAEA,MAAMI,OAAOZ,SAASa,WAAWJ,WAAW;AAC5CG,KAAKE;AAAAA,EACH,uBAAC,MAAM,YAAN,EACC,iCAAC,iBAAc,gBAAgBV,WAC7B,iCAAC,sBACC,iCAAC,SAAD;AAAA;AAAA;AAAA;AAAA,SAAI,KADN;AAAA;AAAA;AAAA;AAAA,SAEA,KAHF;AAAA;AAAA;AAAA;AAAA,SAIA,KALF;AAAA;AAAA;AAAA;AAAA,SAMA;AACF","names":["React","ReactDOM","ClerkProvider","VernacularProvider","App","CLERK_KEY","import","env","VITE_CLERK_PUBLISHABLE_KEY","Error","rootElement","document","getElementById","root","createRoot","render"],"ignoreList":[],"sources":["/Users/ramajjohnson/TTE/index.tsx"],"file":"/Users/ramajjohnson/TTE/index.tsx"},"_coverageSchema":"1a1c01bbd47fc00a2c39e90264f33305004495a9","hash":"d49076e476b79f6a0b7b09be6073ef3d5ceccc03"}}